<?xml version="1.0" encoding="utf-8"?><TestRun id="92b4b806-547d-46b0-804f-25425806a0bd" name="@md 2018-11-12 00:19:54" xmlns="http://microsoft.com/schemas/VisualStudio/TeamTest/2010"><Times creation="2018-11-12T00:19:54.2418120-05:00" queuing="2018-11-12T00:19:54.2418121-05:00" start="2018-11-12T00:19:50.6984439-05:00" finish="2018-11-12T00:19:54.6918370-05:00" /><TestSettings name="default" id="4516407b-4e72-41e7-8a2a-3abb707269d7"><Deployment runDeploymentRoot="_md_2018-11-12_00_19_54" /></TestSettings><Results><UnitTestResult executionId="27bb493c-9dd2-46bf-ac7e-82d295bc6280" testId="71b190a1-3479-ad1d-937f-32ba2af0de2f" testName="Test023" computerName="md" duration="00:00:00.0001434" startTime="2018-11-12T00:19:54.3819088-05:00" endTime="2018-11-12T00:19:54.3821452-05:00" testType="13cdc9d9-ddb5-4fa4-a97d-d965ccfc6d4b" outcome="Passed" testListId="8c84fa94-04c1-424b-9868-57a2d4851a1d" relativeResultsDirectory="27bb493c-9dd2-46bf-ac7e-82d295bc6280" /><UnitTestResult executionId="bb474b4d-5567-492c-a4aa-ef5a71c90445" testId="e2a8940a-1bf9-7700-c904-92c912b83415" testName="Test033" computerName="md" duration="00:00:00.0029050" startTime="2018-11-12T00:19:54.2456955-05:00" endTime="2018-11-12T00:19:54.2487820-05:00" testType="13cdc9d9-ddb5-4fa4-a97d-d965ccfc6d4b" outcome="Passed" testListId="8c84fa94-04c1-424b-9868-57a2d4851a1d" relativeResultsDirectory="bb474b4d-5567-492c-a4aa-ef5a71c90445" /><UnitTestResult executionId="1fee7155-4b65-4f2b-801f-f8470bca10f1" testId="fe851bc5-0ce4-abf8-1443-b34a5ac77b2c" testName="Test009" computerName="md" duration="00:00:00.0045436" startTime="2018-11-12T00:19:54.3271734-05:00" endTime="2018-11-12T00:19:54.3318152-05:00" testType="13cdc9d9-ddb5-4fa4-a97d-d965ccfc6d4b" outcome="Passed" testListId="8c84fa94-04c1-424b-9868-57a2d4851a1d" relativeResultsDirectory="1fee7155-4b65-4f2b-801f-f8470bca10f1" /><UnitTestResult executionId="51595a78-018b-47b1-b7c6-d16a42458fa8" testId="605fa6f5-94c9-34bf-d653-deb72f38efa2" testName="Test005" computerName="md" duration="00:00:00.0002109" startTime="2018-11-12T00:19:54.0559690-05:00" endTime="2018-11-12T00:19:54.0563509-05:00" testType="13cdc9d9-ddb5-4fa4-a97d-d965ccfc6d4b" outcome="Passed" testListId="8c84fa94-04c1-424b-9868-57a2d4851a1d" relativeResultsDirectory="51595a78-018b-47b1-b7c6-d16a42458fa8" /><UnitTestResult executionId="a4685b96-d6d6-4dca-9fd4-77795b5bf5c6" testId="c2291555-d5f6-ada0-3f58-c4fd19bb74db" testName="Test034" computerName="md" duration="00:00:00.0001659" startTime="2018-11-12T00:19:54.3988678-05:00" endTime="2018-11-12T00:19:54.3991380-05:00" testType="13cdc9d9-ddb5-4fa4-a97d-d965ccfc6d4b" outcome="Passed" testListId="8c84fa94-04c1-424b-9868-57a2d4851a1d" relativeResultsDirectory="a4685b96-d6d6-4dca-9fd4-77795b5bf5c6" /><UnitTestResult executionId="640226ff-1507-4d0b-a203-0b5910387edc" testId="03fb08b1-65d3-7715-5c0d-a58930a95388" testName="Test021" computerName="md" duration="00:00:00.0001997" startTime="2018-11-12T00:19:54.0693917-05:00" endTime="2018-11-12T00:19:54.0698279-05:00" testType="13cdc9d9-ddb5-4fa4-a97d-d965ccfc6d4b" outcome="Passed" testListId="8c84fa94-04c1-424b-9868-57a2d4851a1d" relativeResultsDirectory="640226ff-1507-4d0b-a203-0b5910387edc" /><UnitTestResult executionId="c291dd3c-6c9e-4116-9701-bc73a458fb8e" testId="8bc3e56f-5fa9-4211-913b-ebc2ec22092a" testName="Test017" computerName="md" duration="00:00:00.0001878" startTime="2018-11-12T00:19:54.3773813-05:00" endTime="2018-11-12T00:19:54.3776629-05:00" testType="13cdc9d9-ddb5-4fa4-a97d-d965ccfc6d4b" outcome="Passed" testListId="8c84fa94-04c1-424b-9868-57a2d4851a1d" relativeResultsDirectory="c291dd3c-6c9e-4116-9701-bc73a458fb8e" /><UnitTestResult executionId="5e50e514-3427-43a9-829d-1b73270d8d6d" testId="8526e9df-0b73-84f0-1e6c-681225b808d1" testName="Test046" computerName="md" duration="00:00:00.0001411" startTime="2018-11-12T00:19:54.4087477-05:00" endTime="2018-11-12T00:19:54.4089823-05:00" testType="13cdc9d9-ddb5-4fa4-a97d-d965ccfc6d4b" outcome="Passed" testListId="8c84fa94-04c1-424b-9868-57a2d4851a1d" relativeResultsDirectory="5e50e514-3427-43a9-829d-1b73270d8d6d" /><UnitTestResult executionId="d437b2d7-97d7-4d20-a571-f3c0d0a01e9c" testId="02933097-46dd-a2ef-31ee-c96ee1d03522" testName="Test100" computerName="md" duration="00:00:00.0018842" startTime="2018-11-12T00:19:54.4578841-05:00" endTime="2018-11-12T00:19:54.4598669-05:00" testType="13cdc9d9-ddb5-4fa4-a97d-d965ccfc6d4b" outcome="Passed" testListId="8c84fa94-04c1-424b-9868-57a2d4851a1d" relativeResultsDirectory="d437b2d7-97d7-4d20-a571-f3c0d0a01e9c" /><UnitTestResult executionId="4722be75-49d5-41e5-927f-9f6ec2ee0b05" testId="bf5afeb9-79d5-7078-34c9-a7597db297c5" testName="Test036" computerName="md" duration="00:00:00.0001486" startTime="2018-11-12T00:19:54.3994104-05:00" endTime="2018-11-12T00:19:54.3996558-05:00" testType="13cdc9d9-ddb5-4fa4-a97d-d965ccfc6d4b" outcome="Passed" testListId="8c84fa94-04c1-424b-9868-57a2d4851a1d" relativeResultsDirectory="4722be75-49d5-41e5-927f-9f6ec2ee0b05" /><UnitTestResult executionId="aeccd893-b511-43ef-a44a-42ea0bce212f" testId="e7cd182b-eced-b66f-fa54-a89122c9f803" testName="Test011" computerName="md" duration="00:00:00.0032978" startTime="2018-11-12T00:19:54.3380063-05:00" endTime="2018-11-12T00:19:54.3415328-05:00" testType="13cdc9d9-ddb5-4fa4-a97d-d965ccfc6d4b" outcome="Passed" testListId="8c84fa94-04c1-424b-9868-57a2d4851a1d" relativeResultsDirectory="aeccd893-b511-43ef-a44a-42ea0bce212f" /><UnitTestResult executionId="459aef8c-3680-46b8-a105-ea39c2f116ab" testId="25d4039b-b385-ce32-a418-490fdde49501" testName="Test016" computerName="md" duration="00:00:00.0003024" startTime="2018-11-12T00:19:54.0122742-05:00" endTime="2018-11-12T00:19:54.0127412-05:00" testType="13cdc9d9-ddb5-4fa4-a97d-d965ccfc6d4b" outcome="Passed" testListId="8c84fa94-04c1-424b-9868-57a2d4851a1d" relativeResultsDirectory="459aef8c-3680-46b8-a105-ea39c2f116ab" /><UnitTestResult executionId="dcb1f33c-c295-4b73-80c9-7ffd196870f7" testId="38a944a8-f54e-685d-9700-cd45508b631e" testName="Test003Name" computerName="md" duration="00:00:00.0019388" startTime="2018-11-12T00:19:54.2886473-05:00" endTime="2018-11-12T00:19:54.2906882-05:00" testType="13cdc9d9-ddb5-4fa4-a97d-d965ccfc6d4b" outcome="Passed" testListId="8c84fa94-04c1-424b-9868-57a2d4851a1d" relativeResultsDirectory="dcb1f33c-c295-4b73-80c9-7ffd196870f7" /><UnitTestResult executionId="f4cec451-daff-4e2c-b376-a7fbdca8b3bd" testId="b646fedb-77b8-19e0-c7e7-2a4435ebc64d" testName="Test001" computerName="md" duration="00:00:00.0062279" startTime="2018-11-12T00:19:54.1256974-05:00" endTime="2018-11-12T00:19:54.1334235-05:00" testType="13cdc9d9-ddb5-4fa4-a97d-d965ccfc6d4b" outcome="Passed" testListId="8c84fa94-04c1-424b-9868-57a2d4851a1d" relativeResultsDirectory="f4cec451-daff-4e2c-b376-a7fbdca8b3bd" /><UnitTestResult executionId="996e89f1-d504-446a-a9a4-351d2a287441" testId="6874ed15-ccbd-253c-822d-4b618cc48adc" testName="Test075" computerName="md" duration="00:00:00.0002887" startTime="2018-11-12T00:19:54.4372923-05:00" endTime="2018-11-12T00:19:54.4376871-05:00" testType="13cdc9d9-ddb5-4fa4-a97d-d965ccfc6d4b" outcome="Passed" testListId="8c84fa94-04c1-424b-9868-57a2d4851a1d" relativeResultsDirectory="996e89f1-d504-446a-a9a4-351d2a287441" /><UnitTestResult executionId="b0e79260-d937-4597-8754-29df50b74972" testId="340a8947-0afd-5211-9245-07810ac19c5b" testName="Test008" computerName="md" duration="00:00:00.0002079" startTime="2018-11-12T00:19:54.1664279-05:00" endTime="2018-11-12T00:19:54.1669521-05:00" testType="13cdc9d9-ddb5-4fa4-a97d-d965ccfc6d4b" outcome="Passed" testListId="8c84fa94-04c1-424b-9868-57a2d4851a1d" relativeResultsDirectory="b0e79260-d937-4597-8754-29df50b74972" /><UnitTestResult executionId="a31f9498-c047-41ac-8b14-0a396c4b986c" testId="2d9c1bc5-908b-e885-4e81-85a9bbec9a8d" testName="Test009" computerName="md" duration="00:00:00.0002767" startTime="2018-11-12T00:19:53.8319386-05:00" endTime="2018-11-12T00:19:53.8323021-05:00" testType="13cdc9d9-ddb5-4fa4-a97d-d965ccfc6d4b" outcome="Passed" testListId="8c84fa94-04c1-424b-9868-57a2d4851a1d" relativeResultsDirectory="a31f9498-c047-41ac-8b14-0a396c4b986c" /><UnitTestResult executionId="44edb7cc-d642-4c3a-99bc-5fbceba5460d" testId="2a5dd4b0-51cb-4b55-386f-7e5fa86f4fe9" testName="Test006" computerName="md" duration="00:00:00.0016873" startTime="2018-11-12T00:19:54.0928024-05:00" endTime="2018-11-12T00:19:54.0946678-05:00" testType="13cdc9d9-ddb5-4fa4-a97d-d965ccfc6d4b" outcome="Passed" testListId="8c84fa94-04c1-424b-9868-57a2d4851a1d" relativeResultsDirectory="44edb7cc-d642-4c3a-99bc-5fbceba5460d" /><UnitTestResult executionId="204bccee-3205-4cf4-81b5-fd9816ea060d" testId="1a81f431-59d0-e569-f3eb-9df16df74837" testName="Test023" computerName="md" duration="00:00:00.0015024" startTime="2018-11-12T00:19:54.2070873-05:00" endTime="2018-11-12T00:19:54.2087541-05:00" testType="13cdc9d9-ddb5-4fa4-a97d-d965ccfc6d4b" outcome="Passed" testListId="8c84fa94-04c1-424b-9868-57a2d4851a1d" relativeResultsDirectory="204bccee-3205-4cf4-81b5-fd9816ea060d" /><UnitTestResult executionId="72adc839-f367-4d26-8fdb-63f601415d2e" testId="d019eac1-40b5-360a-79e4-66f2386f6e05" testName="Test037" computerName="md" duration="00:00:00.0001488" startTime="2018-11-12T00:19:54.3996687-05:00" endTime="2018-11-12T00:19:54.3999097-05:00" testType="13cdc9d9-ddb5-4fa4-a97d-d965ccfc6d4b" outcome="Passed" testListId="8c84fa94-04c1-424b-9868-57a2d4851a1d" relativeResultsDirectory="72adc839-f367-4d26-8fdb-63f601415d2e" /><UnitTestResult executionId="fdb3ac0e-7977-43e9-8828-f9e8e4da95ea" testId="fcf1ac36-a17b-cb67-f59e-dac51596eb34" testName="Test072" computerName="md" duration="00:00:00.0001428" startTime="2018-11-12T00:19:54.4286697-05:00" endTime="2018-11-12T00:19:54.4289077-05:00" testType="13cdc9d9-ddb5-4fa4-a97d-d965ccfc6d4b" outcome="Passed" testListId="8c84fa94-04c1-424b-9868-57a2d4851a1d" relativeResultsDirectory="fdb3ac0e-7977-43e9-8828-f9e8e4da95ea" /><UnitTestResult executionId="813ec46c-a377-43f7-a3d3-d271fb3961c6" testId="4c45df0e-af11-81cf-3bcb-af6a24f211d0" testName="Test006" computerName="md" duration="00:00:00.0069190" startTime="2018-11-12T00:19:54.3008980-05:00" endTime="2018-11-12T00:19:54.3080744-05:00" testType="13cdc9d9-ddb5-4fa4-a97d-d965ccfc6d4b" outcome="Passed" testListId="8c84fa94-04c1-424b-9868-57a2d4851a1d" relativeResultsDirectory="813ec46c-a377-43f7-a3d3-d271fb3961c6" /><UnitTestResult executionId="b0462b9e-093c-48cb-b0f6-0b548de9ff45" testId="dc47e0f4-d224-9ffe-206a-2c550afca66f" testName="Test064" computerName="md" duration="00:00:00.0001474" startTime="2018-11-12T00:19:54.4195615-05:00" endTime="2018-11-12T00:19:54.4198035-05:00" testType="13cdc9d9-ddb5-4fa4-a97d-d965ccfc6d4b" outcome="Passed" testListId="8c84fa94-04c1-424b-9868-57a2d4851a1d" relativeResultsDirectory="b0462b9e-093c-48cb-b0f6-0b548de9ff45" /><UnitTestResult executionId="051b6e6e-179a-4a0b-9ee7-3341ad813dab" testId="01708be1-267c-1884-c949-8f13ba372e41" testName="Test002" computerName="md" duration="00:00:00.0017691" startTime="2018-11-12T00:19:53.8236603-05:00" endTime="2018-11-12T00:19:53.8257965-05:00" testType="13cdc9d9-ddb5-4fa4-a97d-d965ccfc6d4b" outcome="Passed" testListId="8c84fa94-04c1-424b-9868-57a2d4851a1d" relativeResultsDirectory="051b6e6e-179a-4a0b-9ee7-3341ad813dab" /><UnitTestResult executionId="e4629a8f-72b2-4942-845f-20cae03cab8d" testId="42868dda-bd33-61d7-5aed-e70fb1414785" testName="Test002" computerName="md" duration="00:00:00.0062719" startTime="2018-11-12T00:19:54.1334439-05:00" endTime="2018-11-12T00:19:54.1399048-05:00" testType="13cdc9d9-ddb5-4fa4-a97d-d965ccfc6d4b" outcome="Passed" testListId="8c84fa94-04c1-424b-9868-57a2d4851a1d" relativeResultsDirectory="e4629a8f-72b2-4942-845f-20cae03cab8d" /><UnitTestResult executionId="ffa965fc-8720-4d01-b0e8-02a81b15648a" testId="c21f7c8d-161a-508b-88be-f696c54f91d2" testName="Test052" computerName="md" duration="00:00:00.0001463" startTime="2018-11-12T00:19:54.4092620-05:00" endTime="2018-11-12T00:19:54.4095254-05:00" testType="13cdc9d9-ddb5-4fa4-a97d-d965ccfc6d4b" outcome="Passed" testListId="8c84fa94-04c1-424b-9868-57a2d4851a1d" relativeResultsDirectory="ffa965fc-8720-4d01-b0e8-02a81b15648a" /><UnitTestResult executionId="266afb4e-c3c2-4fe1-8831-50c673234315" testId="317229d4-1a97-4a04-2701-6aaa08abcc65" testName="Test001" computerName="md" duration="00:00:00.0011351" startTime="2018-11-12T00:19:54.3415462-05:00" endTime="2018-11-12T00:19:54.3532962-05:00" testType="13cdc9d9-ddb5-4fa4-a97d-d965ccfc6d4b" outcome="Passed" testListId="8c84fa94-04c1-424b-9868-57a2d4851a1d" relativeResultsDirectory="266afb4e-c3c2-4fe1-8831-50c673234315" /><UnitTestResult executionId="d3f20b1c-5ac6-43c7-8cb6-b80eeae91946" testId="dc254dca-2362-b606-90f8-1db6de883b9b" testName="Test025" computerName="md" duration="00:00:00.0021701" startTime="2018-11-12T00:19:54.2117986-05:00" endTime="2018-11-12T00:19:54.2142731-05:00" testType="13cdc9d9-ddb5-4fa4-a97d-d965ccfc6d4b" outcome="Passed" testListId="8c84fa94-04c1-424b-9868-57a2d4851a1d" relativeResultsDirectory="d3f20b1c-5ac6-43c7-8cb6-b80eeae91946" /><UnitTestResult executionId="863432cb-dbc7-4c79-8d7f-2c6b607f286e" testId="e3c4d46e-6675-d271-2a31-980039362ce9" testName="Test061" computerName="md" duration="00:00:00.0001499" startTime="2018-11-12T00:19:54.4187953-05:00" endTime="2018-11-12T00:19:54.4190403-05:00" testType="13cdc9d9-ddb5-4fa4-a97d-d965ccfc6d4b" outcome="Passed" testListId="8c84fa94-04c1-424b-9868-57a2d4851a1d" relativeResultsDirectory="863432cb-dbc7-4c79-8d7f-2c6b607f286e" /><UnitTestResult executionId="ef0e6d88-560d-4a17-977c-93e694fee615" testId="9ad8d3d6-9f44-129f-5a94-90105d2c396a" testName="Test056" computerName="md" duration="00:00:00.0001558" startTime="2018-11-12T00:19:54.4177681-05:00" endTime="2018-11-12T00:19:54.4180216-05:00" testType="13cdc9d9-ddb5-4fa4-a97d-d965ccfc6d4b" outcome="Passed" testListId="8c84fa94-04c1-424b-9868-57a2d4851a1d" relativeResultsDirectory="ef0e6d88-560d-4a17-977c-93e694fee615" /><UnitTestResult executionId="60591f39-6d9d-4571-880a-e9b1b8e7bae9" testId="408a9794-cbb2-8b3a-76e4-8286a7c32bc6" testName="Test022" computerName="md" duration="00:00:00.0001547" startTime="2018-11-12T00:19:54.3816447-05:00" endTime="2018-11-12T00:19:54.3818962-05:00" testType="13cdc9d9-ddb5-4fa4-a97d-d965ccfc6d4b" outcome="Passed" testListId="8c84fa94-04c1-424b-9868-57a2d4851a1d" relativeResultsDirectory="60591f39-6d9d-4571-880a-e9b1b8e7bae9" /><UnitTestResult executionId="3b6e34f5-89d6-48a8-9753-f2f9dd665856" testId="3248c6f2-5a51-00ba-efca-d31a6ffc3a01" testName="Test043" computerName="md" duration="00:00:00.0001583" startTime="2018-11-12T00:19:54.4079625-05:00" endTime="2018-11-12T00:19:54.4082221-05:00" testType="13cdc9d9-ddb5-4fa4-a97d-d965ccfc6d4b" outcome="Passed" testListId="8c84fa94-04c1-424b-9868-57a2d4851a1d" relativeResultsDirectory="3b6e34f5-89d6-48a8-9753-f2f9dd665856" /><UnitTestResult executionId="0a776782-a50b-47f3-b938-9b3596e446d8" testId="c201fe15-0cb4-0968-9886-ad1947724bda" testName="Test032" computerName="md" duration="00:00:00.0001495" startTime="2018-11-12T00:19:54.3912949-05:00" endTime="2018-11-12T00:19:54.3915395-05:00" testType="13cdc9d9-ddb5-4fa4-a97d-d965ccfc6d4b" outcome="Passed" testListId="8c84fa94-04c1-424b-9868-57a2d4851a1d" relativeResultsDirectory="0a776782-a50b-47f3-b938-9b3596e446d8" /><UnitTestResult executionId="54e12388-9271-4743-82dd-ab4ab49342eb" testId="b805b36e-1aeb-519b-3a37-5f349a0427f5" testName="Test013" computerName="md" duration="00:00:00.0003403" startTime="2018-11-12T00:19:54.0589401-05:00" endTime="2018-11-12T00:19:54.0594901-05:00" testType="13cdc9d9-ddb5-4fa4-a97d-d965ccfc6d4b" outcome="Passed" testListId="8c84fa94-04c1-424b-9868-57a2d4851a1d" relativeResultsDirectory="54e12388-9271-4743-82dd-ab4ab49342eb" /><UnitTestResult executionId="d75cae7e-f866-4b0c-a730-043d6d5a18a6" testId="f4e5f95f-975a-5348-2d59-63a2476fdc94" testName="Test085" computerName="md" duration="00:00:00.0002264" startTime="2018-11-12T00:19:54.4470715-05:00" endTime="2018-11-12T00:19:54.4473973-05:00" testType="13cdc9d9-ddb5-4fa4-a97d-d965ccfc6d4b" outcome="Passed" testListId="8c84fa94-04c1-424b-9868-57a2d4851a1d" relativeResultsDirectory="d75cae7e-f866-4b0c-a730-043d6d5a18a6" /><UnitTestResult executionId="6f5c16fe-4089-4e7c-83b4-6bfc5afd029b" testId="50a44b81-5a36-d76b-89ad-5b88d4b3f349" testName="Test003" computerName="md" duration="00:00:00.0061934" startTime="2018-11-12T00:19:54.0390565-05:00" endTime="2018-11-12T00:19:54.0455411-05:00" testType="13cdc9d9-ddb5-4fa4-a97d-d965ccfc6d4b" outcome="Passed" testListId="8c84fa94-04c1-424b-9868-57a2d4851a1d" relativeResultsDirectory="6f5c16fe-4089-4e7c-83b4-6bfc5afd029b" /><UnitTestResult executionId="d0ef3128-bab6-4cea-8e5a-dee1c20aa8d1" testId="462c4e92-2f33-c164-b450-cb1e8ebfbcb7" testName="Test013" computerName="md" duration="00:00:00.0001893" startTime="2018-11-12T00:19:54.3687270-05:00" endTime="2018-11-12T00:19:54.3690142-05:00" testType="13cdc9d9-ddb5-4fa4-a97d-d965ccfc6d4b" outcome="Passed" testListId="8c84fa94-04c1-424b-9868-57a2d4851a1d" relativeResultsDirectory="d0ef3128-bab6-4cea-8e5a-dee1c20aa8d1" /><UnitTestResult executionId="b206320f-8df2-4b08-abbb-36ca30248824" testId="7e9c14d2-c7a1-8f21-ed6b-a9a21688c82f" testName="Test004" computerName="md" duration="00:00:00.0033062" startTime="2018-11-12T00:19:54.2907012-05:00" endTime="2018-11-12T00:19:54.2942340-05:00" testType="13cdc9d9-ddb5-4fa4-a97d-d965ccfc6d4b" outcome="Passed" testListId="8c84fa94-04c1-424b-9868-57a2d4851a1d" relativeResultsDirectory="b206320f-8df2-4b08-abbb-36ca30248824" /><UnitTestResult executionId="1ff6cc61-30c5-4b52-8e96-7c7fbe710b9a" testId="99da2ca6-da9b-d999-179a-5d86ed8b0061" testName="Test015" computerName="md" duration="00:00:00.0002081" startTime="2018-11-12T00:19:54.0118683-05:00" endTime="2018-11-12T00:19:54.0122611-05:00" testType="13cdc9d9-ddb5-4fa4-a97d-d965ccfc6d4b" outcome="Passed" testListId="8c84fa94-04c1-424b-9868-57a2d4851a1d" relativeResultsDirectory="1ff6cc61-30c5-4b52-8e96-7c7fbe710b9a" /><UnitTestResult executionId="95140c35-9606-4b4f-ab25-79fdb7fb02a8" testId="3496dddf-6bf0-877b-ffa3-1b5e4e7fe5b9" testName="Test014" computerName="md" duration="00:00:00.0002350" startTime="2018-11-12T00:19:54.0114260-05:00" endTime="2018-11-12T00:19:54.0118498-05:00" testType="13cdc9d9-ddb5-4fa4-a97d-d965ccfc6d4b" outcome="Passed" testListId="8c84fa94-04c1-424b-9868-57a2d4851a1d" relativeResultsDirectory="95140c35-9606-4b4f-ab25-79fdb7fb02a8" /><UnitTestResult executionId="38b1f0bb-c75c-40e9-acce-dbe40feae86d" testId="f8bb4e8d-54c0-be2a-4d07-2b944b6bb1c8" testName="Test006" computerName="md" duration="00:00:00.0001568" startTime="2018-11-12T00:19:54.3666234-05:00" endTime="2018-11-12T00:19:54.3668753-05:00" testType="13cdc9d9-ddb5-4fa4-a97d-d965ccfc6d4b" outcome="Passed" testListId="8c84fa94-04c1-424b-9868-57a2d4851a1d" relativeResultsDirectory="38b1f0bb-c75c-40e9-acce-dbe40feae86d" /><UnitTestResult executionId="c1066331-e91e-4447-afd1-67aebb31a2dd" testId="00d0660f-ca10-d7bd-9183-ccbb0fce2241" testName="Test031" computerName="md" duration="00:00:00.0001545" startTime="2018-11-12T00:19:54.3910357-05:00" endTime="2018-11-12T00:19:54.3912824-05:00" testType="13cdc9d9-ddb5-4fa4-a97d-d965ccfc6d4b" outcome="Passed" testListId="8c84fa94-04c1-424b-9868-57a2d4851a1d" relativeResultsDirectory="c1066331-e91e-4447-afd1-67aebb31a2dd" /><UnitTestResult executionId="0ecedde2-f5d1-48bc-ba27-52d71c71ab3d" testId="0e8d83cf-0d53-d757-c2fd-3692dc2f72a7" testName="Test011" computerName="md" duration="00:00:00.0003388" startTime="2018-11-12T00:19:54.1677269-05:00" endTime="2018-11-12T00:19:54.1682256-05:00" testType="13cdc9d9-ddb5-4fa4-a97d-d965ccfc6d4b" outcome="Passed" testListId="8c84fa94-04c1-424b-9868-57a2d4851a1d" relativeResultsDirectory="0ecedde2-f5d1-48bc-ba27-52d71c71ab3d" /><UnitTestResult executionId="75408fb2-8e63-4b40-895d-8f54c3cb29ef" testId="58ef6691-2fb1-11cd-8b7f-71c1025aac55" testName="Test007" computerName="md" duration="00:00:00.0002058" startTime="2018-11-12T00:19:54.0569068-05:00" endTime="2018-11-12T00:19:54.0573456-05:00" testType="13cdc9d9-ddb5-4fa4-a97d-d965ccfc6d4b" outcome="Passed" testListId="8c84fa94-04c1-424b-9868-57a2d4851a1d" relativeResultsDirectory="75408fb2-8e63-4b40-895d-8f54c3cb29ef" /><UnitTestResult executionId="f84a26b0-37e4-473a-a61c-ee9b22a3c139" testId="599e35c5-67be-7f65-15eb-9cc0aa9869c9" testName="Test042" computerName="md" duration="00:00:00.0001451" startTime="2018-11-12T00:19:54.4018339-05:00" endTime="2018-11-12T00:19:54.4020693-05:00" testType="13cdc9d9-ddb5-4fa4-a97d-d965ccfc6d4b" outcome="Passed" testListId="8c84fa94-04c1-424b-9868-57a2d4851a1d" relativeResultsDirectory="f84a26b0-37e4-473a-a61c-ee9b22a3c139" /><UnitTestResult executionId="d47ec0a3-e5cf-4eb7-a9ac-69989d6a09e8" testId="c4ff0975-b44b-606a-5f9d-3d00fffd141d" testName="Test002" computerName="md" duration="00:00:00.0022695" startTime="2018-11-12T00:19:54.2716953-05:00" endTime="2018-11-12T00:19:54.2741812-05:00" testType="13cdc9d9-ddb5-4fa4-a97d-d965ccfc6d4b" outcome="Passed" testListId="8c84fa94-04c1-424b-9868-57a2d4851a1d" relativeResultsDirectory="d47ec0a3-e5cf-4eb7-a9ac-69989d6a09e8" /><UnitTestResult executionId="16f52b8f-a010-4ad7-92e0-69a612fce1f4" testId="281c81d9-e7da-c608-fe0f-55ef9d0599f0" testName="Test001Name" computerName="md" duration="00:00:00.0011403" startTime="2018-11-12T00:19:54.2703312-05:00" endTime="2018-11-12T00:19:54.2716769-05:00" testType="13cdc9d9-ddb5-4fa4-a97d-d965ccfc6d4b" outcome="Passed" testListId="8c84fa94-04c1-424b-9868-57a2d4851a1d" relativeResultsDirectory="16f52b8f-a010-4ad7-92e0-69a612fce1f4" /><UnitTestResult executionId="9f3cad14-12a5-450e-a377-366a0ad74b88" testId="6d5b916d-bb56-dba4-b052-a992c57337ed" testName="Test014" computerName="md" duration="00:00:00.0008471" startTime="2018-11-12T00:19:54.0595030-05:00" endTime="2018-11-12T00:19:54.0605480-05:00" testType="13cdc9d9-ddb5-4fa4-a97d-d965ccfc6d4b" outcome="Passed" testListId="8c84fa94-04c1-424b-9868-57a2d4851a1d" relativeResultsDirectory="9f3cad14-12a5-450e-a377-366a0ad74b88" /><UnitTestResult executionId="6f3777b2-39ba-4a4d-9571-561b7643d1c6" testId="a0331cc2-55d7-2bdc-f566-2c4b84c11c58" testName="Test005" computerName="md" duration="00:00:00.0002401" startTime="2018-11-12T00:19:54.3588697-05:00" endTime="2018-11-12T00:19:54.3592000-05:00" testType="13cdc9d9-ddb5-4fa4-a97d-d965ccfc6d4b" outcome="Passed" testListId="8c84fa94-04c1-424b-9868-57a2d4851a1d" relativeResultsDirectory="6f3777b2-39ba-4a4d-9571-561b7643d1c6" /><UnitTestResult executionId="e7ad4ff9-8ceb-42c2-b15a-0197ab3cb736" testId="77062275-47fe-c2e4-6ee0-664f9a3d81e9" testName="Test090" computerName="md" duration="00:00:00.0011871" startTime="2018-11-12T00:19:54.4551353-05:00" endTime="2018-11-12T00:19:54.4564234-05:00" testType="13cdc9d9-ddb5-4fa4-a97d-d965ccfc6d4b" outcome="Passed" testListId="8c84fa94-04c1-424b-9868-57a2d4851a1d" relativeResultsDirectory="e7ad4ff9-8ceb-42c2-b15a-0197ab3cb736" /><UnitTestResult executionId="7531a3f4-3390-4a3a-8ee6-abe998174605" testId="e2a0c020-24bf-2e84-9245-29fd6bbc19c0" testName="Test009" computerName="md" duration="00:00:00.0001492" startTime="2018-11-12T00:19:54.3675216-05:00" endTime="2018-11-12T00:19:54.3677612-05:00" testType="13cdc9d9-ddb5-4fa4-a97d-d965ccfc6d4b" outcome="Passed" testListId="8c84fa94-04c1-424b-9868-57a2d4851a1d" relativeResultsDirectory="7531a3f4-3390-4a3a-8ee6-abe998174605" /><UnitTestResult executionId="00347e02-3af5-4aed-9282-e2d2b6897677" testId="5573f48a-e83e-f540-2728-5829418a7635" testName="Test013" computerName="md" duration="00:00:00.0003369" startTime="2018-11-12T00:19:54.0108806-05:00" endTime="2018-11-12T00:19:54.0114129-05:00" testType="13cdc9d9-ddb5-4fa4-a97d-d965ccfc6d4b" outcome="Passed" testListId="8c84fa94-04c1-424b-9868-57a2d4851a1d" relativeResultsDirectory="00347e02-3af5-4aed-9282-e2d2b6897677" /><UnitTestResult executionId="f100c79e-00dc-41ed-9409-7350a30e2d7d" testId="994dc812-92ab-57a8-1061-2657ed0a88de" testName="Test071" computerName="md" duration="00:00:00.0001408" startTime="2018-11-12T00:19:54.4284177-05:00" endTime="2018-11-12T00:19:54.4286530-05:00" testType="13cdc9d9-ddb5-4fa4-a97d-d965ccfc6d4b" outcome="Passed" testListId="8c84fa94-04c1-424b-9868-57a2d4851a1d" relativeResultsDirectory="f100c79e-00dc-41ed-9409-7350a30e2d7d" /><UnitTestResult executionId="56e1a2ee-fe04-484e-869a-369980439e0a" testId="760ed6b1-5857-50ed-25a9-13963190b889" testName="Test025" computerName="md" duration="00:00:00.0001485" startTime="2018-11-12T00:19:54.3897532-05:00" endTime="2018-11-12T00:19:54.3899950-05:00" testType="13cdc9d9-ddb5-4fa4-a97d-d965ccfc6d4b" outcome="Passed" testListId="8c84fa94-04c1-424b-9868-57a2d4851a1d" relativeResultsDirectory="56e1a2ee-fe04-484e-869a-369980439e0a" /><UnitTestResult executionId="9c16677b-dafd-4cef-a818-d8dad8e760e5" testId="161f2d81-2417-70fb-b5f1-ac12c1d490ae" testName="Test019" computerName="md" duration="00:00:00.0001541" startTime="2018-11-12T00:19:54.3782967-05:00" endTime="2018-11-12T00:19:54.3785482-05:00" testType="13cdc9d9-ddb5-4fa4-a97d-d965ccfc6d4b" outcome="Passed" testListId="8c84fa94-04c1-424b-9868-57a2d4851a1d" relativeResultsDirectory="9c16677b-dafd-4cef-a818-d8dad8e760e5" /><UnitTestResult executionId="edd86cdc-e76a-4f82-92f3-bab83611afd8" testId="0741ae23-1326-229a-6126-a86ec201c2c7" testName="Test027" computerName="md" duration="00:00:00.0001486" startTime="2018-11-12T00:19:54.3902620-05:00" endTime="2018-11-12T00:19:54.3905081-05:00" testType="13cdc9d9-ddb5-4fa4-a97d-d965ccfc6d4b" outcome="Passed" testListId="8c84fa94-04c1-424b-9868-57a2d4851a1d" relativeResultsDirectory="edd86cdc-e76a-4f82-92f3-bab83611afd8" /><UnitTestResult executionId="686419ff-a64a-4604-ae8b-254500b2a1c0" testId="9669dc39-1cd9-c062-953c-de9c07f11e44" testName="Test003" computerName="md" duration="00:00:00.0030259" startTime="2018-11-12T00:19:54.2852223-05:00" endTime="2018-11-12T00:19:54.2885116-05:00" testType="13cdc9d9-ddb5-4fa4-a97d-d965ccfc6d4b" outcome="Passed" testListId="8c84fa94-04c1-424b-9868-57a2d4851a1d" relativeResultsDirectory="686419ff-a64a-4604-ae8b-254500b2a1c0" /><UnitTestResult executionId="4d4afe06-4047-4856-b723-601a98ce5c9b" testId="ceb5901e-99cf-179e-22c1-b5685bbe7cf3" testName="Test086" computerName="md" duration="00:00:00.0002594" startTime="2018-11-12T00:19:54.4474153-05:00" endTime="2018-11-12T00:19:54.4477661-05:00" testType="13cdc9d9-ddb5-4fa4-a97d-d965ccfc6d4b" outcome="Passed" testListId="8c84fa94-04c1-424b-9868-57a2d4851a1d" relativeResultsDirectory="4d4afe06-4047-4856-b723-601a98ce5c9b" /><UnitTestResult executionId="88422aae-20b2-4f78-b33d-75cf29d2d6fa" testId="154f5c2b-aa5d-5c00-eb7c-a76515601a2a" testName="Test006" computerName="md" duration="00:00:00.0027922" startTime="2018-11-12T00:19:54.1623784-05:00" endTime="2018-11-12T00:19:54.1653982-05:00" testType="13cdc9d9-ddb5-4fa4-a97d-d965ccfc6d4b" outcome="Passed" testListId="8c84fa94-04c1-424b-9868-57a2d4851a1d" relativeResultsDirectory="88422aae-20b2-4f78-b33d-75cf29d2d6fa" /><UnitTestResult executionId="6ad967ac-4fd6-49d9-8e16-6144d177c61a" testId="9a6e2d81-51fe-47b9-9774-cb64309b8e60" testName="Test022" computerName="md" duration="00:00:00.0002143" startTime="2018-11-12T00:19:54.0257661-05:00" endTime="2018-11-12T00:19:54.0263413-05:00" testType="13cdc9d9-ddb5-4fa4-a97d-d965ccfc6d4b" outcome="Passed" testListId="8c84fa94-04c1-424b-9868-57a2d4851a1d" relativeResultsDirectory="6ad967ac-4fd6-49d9-8e16-6144d177c61a" /><UnitTestResult executionId="a48c370a-714f-44a9-a460-f5c6f2ad2821" testId="b6505574-d752-520d-23c7-12fda8ba9050" testName="Test010" computerName="md" duration="00:00:00.0001451" startTime="2018-11-12T00:19:54.3677737-05:00" endTime="2018-11-12T00:19:54.3680083-05:00" testType="13cdc9d9-ddb5-4fa4-a97d-d965ccfc6d4b" outcome="Passed" testListId="8c84fa94-04c1-424b-9868-57a2d4851a1d" relativeResultsDirectory="a48c370a-714f-44a9-a460-f5c6f2ad2821" /><UnitTestResult executionId="83df2aca-c513-4d0b-aec1-dbb00be0283c" testId="41e5669f-b4a6-29b3-d2b6-09bdaa78fdea" testName="Test006" computerName="md" duration="00:00:00.0002613" startTime="2018-11-12T00:19:53.8306996-05:00" endTime="2018-11-12T00:19:53.8310565-05:00" testType="13cdc9d9-ddb5-4fa4-a97d-d965ccfc6d4b" outcome="Passed" testListId="8c84fa94-04c1-424b-9868-57a2d4851a1d" relativeResultsDirectory="83df2aca-c513-4d0b-aec1-dbb00be0283c" /><UnitTestResult executionId="70ce83e1-5e3e-43d3-8da0-d602714270b5" testId="ea824ecc-d7bd-4ae0-91f6-614719f7e99f" testName="Test003" computerName="md" duration="00:00:00.0081778" startTime="2018-11-12T00:19:54.1491908-05:00" endTime="2018-11-12T00:19:54.1575801-05:00" testType="13cdc9d9-ddb5-4fa4-a97d-d965ccfc6d4b" outcome="Passed" testListId="8c84fa94-04c1-424b-9868-57a2d4851a1d" relativeResultsDirectory="70ce83e1-5e3e-43d3-8da0-d602714270b5" /><UnitTestResult executionId="bd372018-9675-4edf-b8b7-6c3d1ef85d50" testId="087d8f45-3608-8b39-7dee-c6a1bd36c40e" testName="Test002" computerName="md" duration="00:00:00.0008835" startTime="2018-11-12T00:19:54.3533204-05:00" endTime="2018-11-12T00:19:54.3542972-05:00" testType="13cdc9d9-ddb5-4fa4-a97d-d965ccfc6d4b" outcome="Passed" testListId="8c84fa94-04c1-424b-9868-57a2d4851a1d" relativeResultsDirectory="bd372018-9675-4edf-b8b7-6c3d1ef85d50" /><UnitTestResult executionId="312e604a-0c39-4554-85f7-a79191a7d3cc" testId="795adb7e-f35d-720a-8e08-1910dc1ef98d" testName="Test065" computerName="md" duration="00:00:00.0001475" startTime="2018-11-12T00:19:54.4198201-05:00" endTime="2018-11-12T00:19:54.4200590-05:00" testType="13cdc9d9-ddb5-4fa4-a97d-d965ccfc6d4b" outcome="Passed" testListId="8c84fa94-04c1-424b-9868-57a2d4851a1d" relativeResultsDirectory="312e604a-0c39-4554-85f7-a79191a7d3cc" /><UnitTestResult executionId="cd7e2728-454e-4e9f-83ad-8536f3c55716" testId="62dcaab7-a6b5-698b-b8bc-a8def509092f" testName="Test073" computerName="md" duration="00:00:00.0002510" startTime="2018-11-12T00:19:54.4289249-05:00" endTime="2018-11-12T00:19:54.4292664-05:00" testType="13cdc9d9-ddb5-4fa4-a97d-d965ccfc6d4b" outcome="Passed" testListId="8c84fa94-04c1-424b-9868-57a2d4851a1d" relativeResultsDirectory="cd7e2728-454e-4e9f-83ad-8536f3c55716" /><UnitTestResult executionId="4bf0e34f-7090-4e51-849b-11e04d2d21cc" testId="26d0d228-b0b7-0eb4-10fc-87e53c6df7ca" testName="Test018" computerName="md" duration="00:00:00.0005180" startTime="2018-11-12T00:19:54.3776754-05:00" endTime="2018-11-12T00:19:54.3782840-05:00" testType="13cdc9d9-ddb5-4fa4-a97d-d965ccfc6d4b" outcome="Passed" testListId="8c84fa94-04c1-424b-9868-57a2d4851a1d" relativeResultsDirectory="4bf0e34f-7090-4e51-849b-11e04d2d21cc" /><UnitTestResult executionId="c54bb0f4-1f8d-41d6-84e5-f13f2fba8ea5" testId="abf0a593-ef7d-4871-1fc5-ff8bac5d2145" testName="Test016" computerName="md" duration="00:00:00.0015699" startTime="2018-11-12T00:19:54.1854261-05:00" endTime="2018-11-12T00:19:54.1871715-05:00" testType="13cdc9d9-ddb5-4fa4-a97d-d965ccfc6d4b" outcome="Passed" testListId="8c84fa94-04c1-424b-9868-57a2d4851a1d" relativeResultsDirectory="c54bb0f4-1f8d-41d6-84e5-f13f2fba8ea5" /><UnitTestResult executionId="c6d4b9b3-eea0-439d-b529-ac6b3a0221f7" testId="070d8d8f-6751-e29f-4dd0-36c1a26d5b1b" testName="Test010" computerName="md" duration="00:00:00.0007286" startTime="2018-11-12T00:19:54.0088058-05:00" endTime="2018-11-12T00:19:54.0099726-05:00" testType="13cdc9d9-ddb5-4fa4-a97d-d965ccfc6d4b" outcome="Passed" testListId="8c84fa94-04c1-424b-9868-57a2d4851a1d" relativeResultsDirectory="c6d4b9b3-eea0-439d-b529-ac6b3a0221f7" /><UnitTestResult executionId="30a5a836-3ed7-4764-bb32-005689a66cf1" testId="8e1c2366-5d1d-9637-ae1f-8dad2e0ce5c5" testName="Test010" computerName="md" duration="00:00:00.0002047" startTime="2018-11-12T00:19:54.1673444-05:00" endTime="2018-11-12T00:19:54.1677139-05:00" testType="13cdc9d9-ddb5-4fa4-a97d-d965ccfc6d4b" outcome="Passed" testListId="8c84fa94-04c1-424b-9868-57a2d4851a1d" relativeResultsDirectory="30a5a836-3ed7-4764-bb32-005689a66cf1" /><UnitTestResult executionId="d374d3f8-14d4-4481-9b65-defeaa01cd7f" testId="badf929a-0c13-ab46-8c2d-01b624e9b3e8" testName="Test003" computerName="md" duration="00:00:00.0032654" startTime="2018-11-12T00:19:54.0811456-05:00" endTime="2018-11-12T00:19:54.0846584-05:00" testType="13cdc9d9-ddb5-4fa4-a97d-d965ccfc6d4b" outcome="Passed" testListId="8c84fa94-04c1-424b-9868-57a2d4851a1d" relativeResultsDirectory="d374d3f8-14d4-4481-9b65-defeaa01cd7f" /><UnitTestResult executionId="e5582da2-65dc-409b-908d-4db5a3e7fc02" testId="5d6ac7b8-5d09-e293-3632-d1961094bc2b" testName="Test081" computerName="md" duration="00:00:00.0002947" startTime="2018-11-12T00:19:54.4397703-05:00" endTime="2018-11-12T00:19:54.4401672-05:00" testType="13cdc9d9-ddb5-4fa4-a97d-d965ccfc6d4b" outcome="Passed" testListId="8c84fa94-04c1-424b-9868-57a2d4851a1d" relativeResultsDirectory="e5582da2-65dc-409b-908d-4db5a3e7fc02" /><UnitTestResult executionId="ed67ac43-6f2f-49ea-82ce-6a11f09bfc73" testId="86cf9af4-85a8-fffd-11c3-c0537975b1b8" testName="Test019" computerName="md" duration="00:00:00.0014738" startTime="2018-11-12T00:19:54.1908726-05:00" endTime="2018-11-12T00:19:54.1925430-05:00" testType="13cdc9d9-ddb5-4fa4-a97d-d965ccfc6d4b" outcome="Passed" testListId="8c84fa94-04c1-424b-9868-57a2d4851a1d" relativeResultsDirectory="ed67ac43-6f2f-49ea-82ce-6a11f09bfc73" /><UnitTestResult executionId="bb0f0061-e7df-4f1f-9b25-85bc5324bd52" testId="609a574c-cfde-d41f-ac2b-980dbc1f404d" testName="Test016" computerName="md" duration="00:00:00.0002499" startTime="2018-11-12T00:19:54.3770204-05:00" endTime="2018-11-12T00:19:54.3773688-05:00" testType="13cdc9d9-ddb5-4fa4-a97d-d965ccfc6d4b" outcome="Passed" testListId="8c84fa94-04c1-424b-9868-57a2d4851a1d" relativeResultsDirectory="bb0f0061-e7df-4f1f-9b25-85bc5324bd52" /><UnitTestResult executionId="9feaaa29-b35d-43e3-9744-3eb0944324f2" testId="8973cb57-42cd-ea43-d694-1a87d00f1942" testName="Test003" computerName="md" duration="00:00:00.0038884" startTime="2018-11-12T00:19:54.3543099-05:00" endTime="2018-11-12T00:19:54.3582995-05:00" testType="13cdc9d9-ddb5-4fa4-a97d-d965ccfc6d4b" outcome="Passed" testListId="8c84fa94-04c1-424b-9868-57a2d4851a1d" relativeResultsDirectory="9feaaa29-b35d-43e3-9744-3eb0944324f2" /><UnitTestResult executionId="28720b0b-5bad-4168-9ee4-e0bd866278b5" testId="4e816263-560d-6d37-e49d-d489bae39333" testName="Test004Name" computerName="md" duration="00:00:00.0017772" startTime="2018-11-12T00:19:54.2942473-05:00" endTime="2018-11-12T00:19:54.2962012-05:00" testType="13cdc9d9-ddb5-4fa4-a97d-d965ccfc6d4b" outcome="Passed" testListId="8c84fa94-04c1-424b-9868-57a2d4851a1d" relativeResultsDirectory="28720b0b-5bad-4168-9ee4-e0bd866278b5" /><UnitTestResult executionId="975ef617-fc8f-4437-bb1d-0decc78eafbf" testId="c837b9e3-ab49-136b-5646-9b5725ec791c" testName="Test066" computerName="md" duration="00:00:00.0001589" startTime="2018-11-12T00:19:54.4271086-05:00" endTime="2018-11-12T00:19:54.4273625-05:00" testType="13cdc9d9-ddb5-4fa4-a97d-d965ccfc6d4b" outcome="Passed" testListId="8c84fa94-04c1-424b-9868-57a2d4851a1d" relativeResultsDirectory="975ef617-fc8f-4437-bb1d-0decc78eafbf" /><UnitTestResult executionId="c5ff9f91-dd86-4cc4-ac8e-7f29814666c2" testId="0f658e6c-9765-4e1e-b4af-3e28f089ea97" testName="Test012" computerName="md" duration="00:00:00.0057400" startTime="2018-11-12T00:19:54.1155199-05:00" endTime="2018-11-12T00:19:54.1215059-05:00" testType="13cdc9d9-ddb5-4fa4-a97d-d965ccfc6d4b" outcome="Passed" testListId="8c84fa94-04c1-424b-9868-57a2d4851a1d" relativeResultsDirectory="c5ff9f91-dd86-4cc4-ac8e-7f29814666c2" /><UnitTestResult executionId="e5474de0-c7bc-44e1-8650-906ae48a8ff3" testId="80ef5cf8-0b41-0ed7-5d4d-76c62f4504e2" testName="Test076" computerName="md" duration="00:00:00.0001445" startTime="2018-11-12T00:19:54.4377059-05:00" endTime="2018-11-12T00:19:54.4379414-05:00" testType="13cdc9d9-ddb5-4fa4-a97d-d965ccfc6d4b" outcome="Passed" testListId="8c84fa94-04c1-424b-9868-57a2d4851a1d" relativeResultsDirectory="e5474de0-c7bc-44e1-8650-906ae48a8ff3" /><UnitTestResult executionId="3e941a63-34ec-49e1-975c-614ae416a9d1" testId="eb497425-7768-445b-9cee-5d3dded2af5a" testName="Test010" computerName="md" duration="00:00:00.0015727" startTime="2018-11-12T00:19:54.1116836-05:00" endTime="2018-11-12T00:19:54.1134437-05:00" testType="13cdc9d9-ddb5-4fa4-a97d-d965ccfc6d4b" outcome="Passed" testListId="8c84fa94-04c1-424b-9868-57a2d4851a1d" relativeResultsDirectory="3e941a63-34ec-49e1-975c-614ae416a9d1" /><UnitTestResult executionId="3a2a5f90-b881-40e9-a3b0-3bde6872a909" testId="7c8859cc-7dea-fae9-ac99-36bb93510753" testName="Test013" computerName="md" duration="00:00:00.0039630" startTime="2018-11-12T00:19:54.1215209-05:00" endTime="2018-11-12T00:19:54.1256781-05:00" testType="13cdc9d9-ddb5-4fa4-a97d-d965ccfc6d4b" outcome="Passed" testListId="8c84fa94-04c1-424b-9868-57a2d4851a1d" relativeResultsDirectory="3a2a5f90-b881-40e9-a3b0-3bde6872a909" /><UnitTestResult executionId="572a77d5-2cc5-49d3-a8e2-b39395fcb15c" testId="f305c5b9-0479-9ef9-ea61-0e8476863b9b" testName="Test005" computerName="md" duration="00:00:00.0029163" startTime="2018-11-12T00:19:54.0895379-05:00" endTime="2018-11-12T00:19:54.0926394-05:00" testType="13cdc9d9-ddb5-4fa4-a97d-d965ccfc6d4b" outcome="Passed" testListId="8c84fa94-04c1-424b-9868-57a2d4851a1d" relativeResultsDirectory="572a77d5-2cc5-49d3-a8e2-b39395fcb15c" /><UnitTestResult executionId="3598d185-2415-44e9-8295-ddd123c66fc0" testId="486cb163-d1db-e52c-cd0d-2c69a4ec266b" testName="Test035" computerName="md" duration="00:00:00.0001546" startTime="2018-11-12T00:19:54.3991509-05:00" endTime="2018-11-12T00:19:54.3993980-05:00" testType="13cdc9d9-ddb5-4fa4-a97d-d965ccfc6d4b" outcome="Passed" testListId="8c84fa94-04c1-424b-9868-57a2d4851a1d" relativeResultsDirectory="3598d185-2415-44e9-8295-ddd123c66fc0" /><UnitTestResult executionId="7605816d-4299-4262-bfb0-21d9c3b6d2b3" testId="5e1d3ca6-485a-fcc5-6c15-1af0e2737ab2" testName="Test038" computerName="md" duration="00:00:00.0001536" startTime="2018-11-12T00:19:54.3999273-05:00" endTime="2018-11-12T00:19:54.4001707-05:00" testType="13cdc9d9-ddb5-4fa4-a97d-d965ccfc6d4b" outcome="Passed" testListId="8c84fa94-04c1-424b-9868-57a2d4851a1d" relativeResultsDirectory="7605816d-4299-4262-bfb0-21d9c3b6d2b3" /><UnitTestResult executionId="6fbaa89d-fc88-412f-9bd2-036072486e1e" testId="073663a6-6e3f-f5ee-ba19-193b8109f740" testName="Test089" computerName="md" duration="00:00:00.0002175" startTime="2018-11-12T00:19:54.4548129-05:00" endTime="2018-11-12T00:19:54.4551226-05:00" testType="13cdc9d9-ddb5-4fa4-a97d-d965ccfc6d4b" outcome="Passed" testListId="8c84fa94-04c1-424b-9868-57a2d4851a1d" relativeResultsDirectory="6fbaa89d-fc88-412f-9bd2-036072486e1e" /><UnitTestResult executionId="ee250a11-c1ab-4fd9-b29c-f09d7213d5c7" testId="b9566698-4144-28a2-2766-ee6ff4de3cf8" testName="Test087" computerName="md" duration="00:00:00.0002001" startTime="2018-11-12T00:19:54.4541984-05:00" endTime="2018-11-12T00:19:54.4544976-05:00" testType="13cdc9d9-ddb5-4fa4-a97d-d965ccfc6d4b" outcome="Passed" testListId="8c84fa94-04c1-424b-9868-57a2d4851a1d" relativeResultsDirectory="ee250a11-c1ab-4fd9-b29c-f09d7213d5c7" /><UnitTestResult executionId="5fa5cde2-646b-42a9-8c77-3b3d4ae4e36c" testId="1a02bf5b-186d-af4d-953c-5595039f9753" testName="Test082" computerName="md" duration="00:00:00.0002651" startTime="2018-11-12T00:19:54.4401801-05:00" endTime="2018-11-12T00:19:54.4405457-05:00" testType="13cdc9d9-ddb5-4fa4-a97d-d965ccfc6d4b" outcome="Passed" testListId="8c84fa94-04c1-424b-9868-57a2d4851a1d" relativeResultsDirectory="5fa5cde2-646b-42a9-8c77-3b3d4ae4e36c" /><UnitTestResult executionId="7772a670-3cc5-4913-819b-289e925f5c7b" testId="b5b27341-7414-c6b8-2b8f-bfb8fd131728" testName="Test012" computerName="md" duration="00:00:00.0003516" startTime="2018-11-12T00:19:54.3682733-05:00" endTime="2018-11-12T00:19:54.3687142-05:00" testType="13cdc9d9-ddb5-4fa4-a97d-d965ccfc6d4b" outcome="Passed" testListId="8c84fa94-04c1-424b-9868-57a2d4851a1d" relativeResultsDirectory="7772a670-3cc5-4913-819b-289e925f5c7b" /><UnitTestResult executionId="ded201f7-7750-4517-951e-db7267a95477" testId="e613479a-3441-d3e1-36ab-961260698760" testName="Test014" computerName="md" duration="00:00:00.0049950" startTime="2018-11-12T00:19:54.1791335-05:00" endTime="2018-11-12T00:19:54.1843001-05:00" testType="13cdc9d9-ddb5-4fa4-a97d-d965ccfc6d4b" outcome="Passed" testListId="8c84fa94-04c1-424b-9868-57a2d4851a1d" relativeResultsDirectory="ded201f7-7750-4517-951e-db7267a95477" /><UnitTestResult executionId="a96431e2-524c-4196-ad7a-b00290ceb23f" testId="011c883d-98f3-1b8d-a452-3a3efdba8d3b" testName="Test030" computerName="md" duration="00:00:00.0079980" startTime="2018-11-12T00:19:54.2198765-05:00" endTime="2018-11-12T00:19:54.2281706-05:00" testType="13cdc9d9-ddb5-4fa4-a97d-d965ccfc6d4b" outcome="Passed" testListId="8c84fa94-04c1-424b-9868-57a2d4851a1d" relativeResultsDirectory="a96431e2-524c-4196-ad7a-b00290ceb23f" /><UnitTestResult executionId="58f22295-401d-46d6-9bdb-dfdfc4102d9e" testId="47a093cb-795a-5207-831b-716bf72e5003" testName="Test005" computerName="md" duration="00:00:00.0018454" startTime="2018-11-12T00:19:54.1603229-05:00" endTime="2018-11-12T00:19:54.1623594-05:00" testType="13cdc9d9-ddb5-4fa4-a97d-d965ccfc6d4b" outcome="Passed" testListId="8c84fa94-04c1-424b-9868-57a2d4851a1d" relativeResultsDirectory="58f22295-401d-46d6-9bdb-dfdfc4102d9e" /><UnitTestResult executionId="f7a1a2a9-004e-413f-a780-4e580c780721" testId="2d07cb6e-b7eb-d25a-b10a-653ceb249899" testName="Test004" computerName="md" duration="00:00:00.0004705" startTime="2018-11-12T00:19:53.8264492-05:00" endTime="2018-11-12T00:19:53.8270023-05:00" testType="13cdc9d9-ddb5-4fa4-a97d-d965ccfc6d4b" outcome="Passed" testListId="8c84fa94-04c1-424b-9868-57a2d4851a1d" relativeResultsDirectory="f7a1a2a9-004e-413f-a780-4e580c780721" /><UnitTestResult executionId="b365fbd2-fe41-410f-ad20-b915a86bacd8" testId="6e5800cd-5ca0-c474-c6d6-7922d4812060" testName="Test008" computerName="md" duration="00:00:00.0002691" startTime="2018-11-12T00:19:54.3671369-05:00" endTime="2018-11-12T00:19:54.3675040-05:00" testType="13cdc9d9-ddb5-4fa4-a97d-d965ccfc6d4b" outcome="Passed" testListId="8c84fa94-04c1-424b-9868-57a2d4851a1d" relativeResultsDirectory="b365fbd2-fe41-410f-ad20-b915a86bacd8" /><UnitTestResult executionId="4b7621fd-4b7a-46c5-bbe0-11b8f40a2784" testId="d28a7502-1d4b-7150-79da-a1abda3540b7" testName="Test004" computerName="md" duration="00:00:00.0004262" startTime="2018-11-12T00:19:54.3583138-05:00" endTime="2018-11-12T00:19:54.3588524-05:00" testType="13cdc9d9-ddb5-4fa4-a97d-d965ccfc6d4b" outcome="Passed" testListId="8c84fa94-04c1-424b-9868-57a2d4851a1d" relativeResultsDirectory="4b7621fd-4b7a-46c5-bbe0-11b8f40a2784" /><UnitTestResult executionId="d5bb7df6-7024-460e-933e-57e5cc22e834" testId="4e0ac938-3cdb-7884-9ef2-9036977c60ee" testName="Test068" computerName="md" duration="00:00:00.0001508" startTime="2018-11-12T00:19:54.4276558-05:00" endTime="2018-11-12T00:19:54.4278964-05:00" testType="13cdc9d9-ddb5-4fa4-a97d-d965ccfc6d4b" outcome="Passed" testListId="8c84fa94-04c1-424b-9868-57a2d4851a1d" relativeResultsDirectory="d5bb7df6-7024-460e-933e-57e5cc22e834" /><UnitTestResult executionId="a8278754-a2a1-44f7-b51f-918450870e19" testId="b3d9e764-6a92-9334-c9b2-861e5f9b08f0" testName="Test053" computerName="md" duration="00:00:00.0001407" startTime="2018-11-12T00:19:54.4095381-05:00" endTime="2018-11-12T00:19:54.4097736-05:00" testType="13cdc9d9-ddb5-4fa4-a97d-d965ccfc6d4b" outcome="Passed" testListId="8c84fa94-04c1-424b-9868-57a2d4851a1d" relativeResultsDirectory="a8278754-a2a1-44f7-b51f-918450870e19" /><UnitTestResult executionId="1333b142-8b22-4e53-a858-869ba2c0ce55" testId="0bb0d158-2233-fc58-e3dd-7cefc807531c" testName="Test029" computerName="md" duration="00:00:00.0001518" startTime="2018-11-12T00:19:54.3907809-05:00" endTime="2018-11-12T00:19:54.3910230-05:00" testType="13cdc9d9-ddb5-4fa4-a97d-d965ccfc6d4b" outcome="Passed" testListId="8c84fa94-04c1-424b-9868-57a2d4851a1d" relativeResultsDirectory="1333b142-8b22-4e53-a858-869ba2c0ce55" /><UnitTestResult executionId="e2801b1d-0ba0-4f50-9875-a53b3537f3df" testId="68300996-7f64-504b-1101-1d52df188270" testName="Test011" computerName="md" duration="00:00:00.0002496" startTime="2018-11-12T00:19:54.0100227-05:00" endTime="2018-11-12T00:19:54.0104608-05:00" testType="13cdc9d9-ddb5-4fa4-a97d-d965ccfc6d4b" outcome="Passed" testListId="8c84fa94-04c1-424b-9868-57a2d4851a1d" relativeResultsDirectory="e2801b1d-0ba0-4f50-9875-a53b3537f3df" /><UnitTestResult executionId="98e817a9-2e6e-4d14-8831-06b0bd0b15c1" testId="d3dd3037-bd08-0b55-c0d2-0bf56dc08136" testName="Test018" computerName="md" duration="00:00:00.0019114" startTime="2018-11-12T00:19:54.1887141-05:00" endTime="2018-11-12T00:19:54.1908594-05:00" testType="13cdc9d9-ddb5-4fa4-a97d-d965ccfc6d4b" outcome="Passed" testListId="8c84fa94-04c1-424b-9868-57a2d4851a1d" relativeResultsDirectory="98e817a9-2e6e-4d14-8831-06b0bd0b15c1" /><UnitTestResult executionId="27f85bea-22ad-4e64-9c3e-b79a60a5b583" testId="776f2225-aa23-39e9-2292-93d4c325bdbe" testName="Test057" computerName="md" duration="00:00:00.0001427" startTime="2018-11-12T00:19:54.4180344-05:00" endTime="2018-11-12T00:19:54.4182763-05:00" testType="13cdc9d9-ddb5-4fa4-a97d-d965ccfc6d4b" outcome="Passed" testListId="8c84fa94-04c1-424b-9868-57a2d4851a1d" relativeResultsDirectory="27f85bea-22ad-4e64-9c3e-b79a60a5b583" /><UnitTestResult executionId="71304100-2055-4cac-bb2d-8fc0b1cede42" testId="507b328b-1035-4caf-0570-55c4ec1d7ca8" testName="Test017" computerName="md" duration="00:00:00.0011978" startTime="2018-11-12T00:19:54.1871865-05:00" endTime="2018-11-12T00:19:54.1886283-05:00" testType="13cdc9d9-ddb5-4fa4-a97d-d965ccfc6d4b" outcome="Passed" testListId="8c84fa94-04c1-424b-9868-57a2d4851a1d" relativeResultsDirectory="71304100-2055-4cac-bb2d-8fc0b1cede42" /><UnitTestResult executionId="86e542e3-c8d5-40c3-89f7-cafbdfbdae9c" testId="d9892e54-f41b-fd57-f417-46dc82071be9" testName="Test021" computerName="md" duration="00:00:00.0002281" startTime="2018-11-12T00:19:54.0252595-05:00" endTime="2018-11-12T00:19:54.0257529-05:00" testType="13cdc9d9-ddb5-4fa4-a97d-d965ccfc6d4b" outcome="Passed" testListId="8c84fa94-04c1-424b-9868-57a2d4851a1d" relativeResultsDirectory="86e542e3-c8d5-40c3-89f7-cafbdfbdae9c" /><UnitTestResult executionId="d4502b3e-a507-4aef-b01f-7fc749de90f4" testId="6294b4a6-5f58-4a50-8a19-47a367e94fef" testName="Test009" computerName="md" duration="00:00:00.0002066" startTime="2018-11-12T00:19:54.1669659-05:00" endTime="2018-11-12T00:19:54.1673314-05:00" testType="13cdc9d9-ddb5-4fa4-a97d-d965ccfc6d4b" outcome="Passed" testListId="8c84fa94-04c1-424b-9868-57a2d4851a1d" relativeResultsDirectory="d4502b3e-a507-4aef-b01f-7fc749de90f4" /><UnitTestResult executionId="0ba41329-ddc4-4036-9139-f4028d5cdf15" testId="f5a75b56-cb99-6333-e8d1-edff79c9f7d9" testName="Test031" computerName="md" duration="00:00:00.0033040" startTime="2018-11-12T00:19:54.2281869-05:00" endTime="2018-11-12T00:19:54.2317270-05:00" testType="13cdc9d9-ddb5-4fa4-a97d-d965ccfc6d4b" outcome="Passed" testListId="8c84fa94-04c1-424b-9868-57a2d4851a1d" relativeResultsDirectory="0ba41329-ddc4-4036-9139-f4028d5cdf15" /><UnitTestResult executionId="649846a1-0b10-4419-b951-44672b80d650" testId="b5a8d72b-02d1-b378-ea5b-77e8d92f97a0" testName="Test091" computerName="md" duration="00:00:00.0013327" startTime="2018-11-12T00:19:54.4564409-05:00" endTime="2018-11-12T00:19:54.4578703-05:00" testType="13cdc9d9-ddb5-4fa4-a97d-d965ccfc6d4b" outcome="Passed" testListId="8c84fa94-04c1-424b-9868-57a2d4851a1d" relativeResultsDirectory="649846a1-0b10-4419-b951-44672b80d650" /><UnitTestResult executionId="1aed3672-f202-43f9-ad36-99535ea3cc99" testId="9a9a0cb2-5b16-ef68-dae7-6b3edf33dac8" testName="Test026" computerName="md" duration="00:00:00.0001477" startTime="2018-11-12T00:19:54.3900077-05:00" endTime="2018-11-12T00:19:54.3902495-05:00" testType="13cdc9d9-ddb5-4fa4-a97d-d965ccfc6d4b" outcome="Passed" testListId="8c84fa94-04c1-424b-9868-57a2d4851a1d" relativeResultsDirectory="1aed3672-f202-43f9-ad36-99535ea3cc99" /><UnitTestResult executionId="0c88a59e-f09c-4f88-9484-38600fe0993e" testId="11ee59e9-70d1-2782-e93e-b7935d0bdbb6" testName="Test008" computerName="md" duration="00:00:00.0044400" startTime="2018-11-12T00:19:54.3222490-05:00" endTime="2018-11-12T00:19:54.3270491-05:00" testType="13cdc9d9-ddb5-4fa4-a97d-d965ccfc6d4b" outcome="Passed" testListId="8c84fa94-04c1-424b-9868-57a2d4851a1d" relativeResultsDirectory="0c88a59e-f09c-4f88-9484-38600fe0993e" /><UnitTestResult executionId="95c14bfd-28b4-482f-8495-c12cd09a683c" testId="031ff0c7-5da9-253e-57cd-ce054d3d99e4" testName="Test012" computerName="md" duration="00:00:00.0002177" startTime="2018-11-12T00:19:54.0104796-05:00" endTime="2018-11-12T00:19:54.0108674-05:00" testType="13cdc9d9-ddb5-4fa4-a97d-d965ccfc6d4b" outcome="Passed" testListId="8c84fa94-04c1-424b-9868-57a2d4851a1d" relativeResultsDirectory="95c14bfd-28b4-482f-8495-c12cd09a683c" /><UnitTestResult executionId="cfb5ad6e-3601-49dd-a55c-16b8b518e0b1" testId="2c3ccebe-f20b-fbc0-a0f4-13f07b60e23e" testName="Test040" computerName="md" duration="00:00:00.0010226" startTime="2018-11-12T00:19:54.4004415-05:00" endTime="2018-11-12T00:19:54.4015538-05:00" testType="13cdc9d9-ddb5-4fa4-a97d-d965ccfc6d4b" outcome="Passed" testListId="8c84fa94-04c1-424b-9868-57a2d4851a1d" relativeResultsDirectory="cfb5ad6e-3601-49dd-a55c-16b8b518e0b1" /><UnitTestResult executionId="28d997fc-89ab-4cd7-ac14-611f9aceb1bd" testId="21bfb2ae-ee3b-e58c-8203-ef0d125ca5bf" testName="Test003" computerName="md" duration="00:00:00.0026255" startTime="2018-11-12T00:19:54.2632305-05:00" endTime="2018-11-12T00:19:54.2660848-05:00" testType="13cdc9d9-ddb5-4fa4-a97d-d965ccfc6d4b" outcome="Passed" testListId="8c84fa94-04c1-424b-9868-57a2d4851a1d" relativeResultsDirectory="28d997fc-89ab-4cd7-ac14-611f9aceb1bd" /><UnitTestResult executionId="de2ac97d-b90d-4ac0-ba68-b26e68147ee7" testId="1b9f5360-1fba-ce29-512f-5059369257c4" testName="Test023" computerName="md" duration="00:00:00.0003172" startTime="2018-11-12T00:19:54.0263547-05:00" endTime="2018-11-12T00:19:54.0270596-05:00" testType="13cdc9d9-ddb5-4fa4-a97d-d965ccfc6d4b" outcome="Passed" testListId="8c84fa94-04c1-424b-9868-57a2d4851a1d" relativeResultsDirectory="de2ac97d-b90d-4ac0-ba68-b26e68147ee7" /><UnitTestResult executionId="d13304e5-50dc-4d66-90e3-796cb5211247" testId="1df14103-2f73-1a31-f74d-bd352fa9b130" testName="Test008" computerName="md" duration="00:00:00.0002930" startTime="2018-11-12T00:19:53.8315515-05:00" endTime="2018-11-12T00:19:53.8319259-05:00" testType="13cdc9d9-ddb5-4fa4-a97d-d965ccfc6d4b" outcome="Passed" testListId="8c84fa94-04c1-424b-9868-57a2d4851a1d" relativeResultsDirectory="d13304e5-50dc-4d66-90e3-796cb5211247" /><UnitTestResult executionId="24cda7bd-65fb-4040-8b73-097eb7e92614" testId="0f06ca0d-b93b-a2ba-3dde-1960448d8a8a" testName="Test070" computerName="md" duration="00:00:00.0001429" startTime="2018-11-12T00:19:54.4281669-05:00" endTime="2018-11-12T00:19:54.4284045-05:00" testType="13cdc9d9-ddb5-4fa4-a97d-d965ccfc6d4b" outcome="Passed" testListId="8c84fa94-04c1-424b-9868-57a2d4851a1d" relativeResultsDirectory="24cda7bd-65fb-4040-8b73-097eb7e92614" /><UnitTestResult executionId="c59d25fd-dfe6-4271-9df2-3b6976ced818" testId="2d826ff4-7b72-3c09-00e5-b35db0fd0f0a" testName="Test007" computerName="md" duration="00:00:00.0007819" startTime="2018-11-12T00:19:54.1654121-05:00" endTime="2018-11-12T00:19:54.1664141-05:00" testType="13cdc9d9-ddb5-4fa4-a97d-d965ccfc6d4b" outcome="Passed" testListId="8c84fa94-04c1-424b-9868-57a2d4851a1d" relativeResultsDirectory="c59d25fd-dfe6-4271-9df2-3b6976ced818" /><UnitTestResult executionId="a502f372-c87d-4c07-a2f8-16cdc85498da" testId="0b09335c-84bd-1598-f112-e96a16ea51cf" testName="Test001" computerName="md" duration="00:00:00.0263021" startTime="2018-11-12T00:19:53.6492690-05:00" endTime="2018-11-12T00:19:53.7875703-05:00" testType="13cdc9d9-ddb5-4fa4-a97d-d965ccfc6d4b" outcome="Passed" testListId="8c84fa94-04c1-424b-9868-57a2d4851a1d" relativeResultsDirectory="a502f372-c87d-4c07-a2f8-16cdc85498da" /><UnitTestResult executionId="cea057b2-bdb5-46c7-9088-79d154954083" testId="649ada82-3af5-c188-8e2d-d84d313a970d" testName="Test002" computerName="md" duration="00:00:00.0001870" startTime="2018-11-12T00:19:54.0385764-05:00" endTime="2018-11-12T00:19:54.0390433-05:00" testType="13cdc9d9-ddb5-4fa4-a97d-d965ccfc6d4b" outcome="Passed" testListId="8c84fa94-04c1-424b-9868-57a2d4851a1d" relativeResultsDirectory="cea057b2-bdb5-46c7-9088-79d154954083" /><UnitTestResult executionId="edfdb610-ca3c-447e-9717-4d1d363849bb" testId="704ea94f-3068-4898-6913-ebb1faebffb3" testName="Test001" computerName="md" duration="00:00:00.0014598" startTime="2018-11-12T00:19:54.2680263-05:00" endTime="2018-11-12T00:19:54.2703178-05:00" testType="13cdc9d9-ddb5-4fa4-a97d-d965ccfc6d4b" outcome="Passed" testListId="8c84fa94-04c1-424b-9868-57a2d4851a1d" relativeResultsDirectory="edfdb610-ca3c-447e-9717-4d1d363849bb" /><UnitTestResult executionId="de760da4-e9ee-4dcf-9f38-8eed3b52ffa2" testId="7ff1a111-632e-36b8-b673-ceb846c61f1c" testName="Test005Name" computerName="md" duration="00:00:00.0016538" startTime="2018-11-12T00:19:54.2990194-05:00" endTime="2018-11-12T00:19:54.3008844-05:00" testType="13cdc9d9-ddb5-4fa4-a97d-d965ccfc6d4b" outcome="Passed" testListId="8c84fa94-04c1-424b-9868-57a2d4851a1d" relativeResultsDirectory="de760da4-e9ee-4dcf-9f38-8eed3b52ffa2" /><UnitTestResult executionId="10095ab8-fcdc-4a83-b3ab-03a30aca48bf" testId="b7d03256-84c2-4436-8ebf-6249e3aa81d2" testName="Test020" computerName="md" duration="00:00:00.0007784" startTime="2018-11-12T00:19:54.0242177-05:00" endTime="2018-11-12T00:19:54.0252145-05:00" testType="13cdc9d9-ddb5-4fa4-a97d-d965ccfc6d4b" outcome="Passed" testListId="8c84fa94-04c1-424b-9868-57a2d4851a1d" relativeResultsDirectory="10095ab8-fcdc-4a83-b3ab-03a30aca48bf" /><UnitTestResult executionId="8fd1147d-f8a0-403d-82e2-237e25815332" testId="270e3851-20da-42fd-a751-78160a60e267" testName="Test033" computerName="md" duration="00:00:00.0002540" startTime="2018-11-12T00:19:54.3915519-05:00" endTime="2018-11-12T00:19:54.3919001-05:00" testType="13cdc9d9-ddb5-4fa4-a97d-d965ccfc6d4b" outcome="Passed" testListId="8c84fa94-04c1-424b-9868-57a2d4851a1d" relativeResultsDirectory="8fd1147d-f8a0-403d-82e2-237e25815332" /><UnitTestResult executionId="9f175b25-6e6f-4ff6-959f-104dbc93b107" testId="0175b3eb-5063-b936-0a7d-59bec185904a" testName="Test011" computerName="md" duration="00:00:00.0003197" startTime="2018-11-12T00:19:54.0579991-05:00" endTime="2018-11-12T00:19:54.0585016-05:00" testType="13cdc9d9-ddb5-4fa4-a97d-d965ccfc6d4b" outcome="Passed" testListId="8c84fa94-04c1-424b-9868-57a2d4851a1d" relativeResultsDirectory="9f175b25-6e6f-4ff6-959f-104dbc93b107" /><UnitTestResult executionId="f52a791e-7532-4dfd-9ad4-f6def6272506" testId="2007f90e-d304-33fe-f96f-93f6d4c16fda" testName="Test001" computerName="md" duration="00:00:00.0111762" startTime="2018-11-12T00:19:54.2487996-05:00" endTime="2018-11-12T00:19:54.2605863-05:00" testType="13cdc9d9-ddb5-4fa4-a97d-d965ccfc6d4b" outcome="Passed" testListId="8c84fa94-04c1-424b-9868-57a2d4851a1d" relativeResultsDirectory="f52a791e-7532-4dfd-9ad4-f6def6272506" /><UnitTestResult executionId="55ebb4a8-cc55-4308-af63-9138e8c8ccc7" testId="e266f859-84ed-2f07-2829-a66d6e3d86eb" testName="Test001" computerName="md" duration="00:00:00.0062490" startTime="2018-11-12T00:19:54.0704469-05:00" endTime="2018-11-12T00:19:54.0777078-05:00" testType="13cdc9d9-ddb5-4fa4-a97d-d965ccfc6d4b" outcome="Passed" testListId="8c84fa94-04c1-424b-9868-57a2d4851a1d" relativeResultsDirectory="55ebb4a8-cc55-4308-af63-9138e8c8ccc7" /><UnitTestResult executionId="ca524402-afe0-42bf-b65f-ad0373fb628d" testId="2c469624-d4a2-11f5-ba07-a63e6db14122" testName="Test062" computerName="md" duration="00:00:00.0001501" startTime="2018-11-12T00:19:54.4190533-05:00" endTime="2018-11-12T00:19:54.4192928-05:00" testType="13cdc9d9-ddb5-4fa4-a97d-d965ccfc6d4b" outcome="Passed" testListId="8c84fa94-04c1-424b-9868-57a2d4851a1d" relativeResultsDirectory="ca524402-afe0-42bf-b65f-ad0373fb628d" /><UnitTestResult executionId="5ea734bb-4017-465e-9bc8-4e6d9ff335d2" testId="c495fcc8-3fea-e389-6ab1-a0bbf638de4e" testName="Test004" computerName="md" duration="00:00:00.0002434" startTime="2018-11-12T00:19:54.0555029-05:00" endTime="2018-11-12T00:19:54.0559554-05:00" testType="13cdc9d9-ddb5-4fa4-a97d-d965ccfc6d4b" outcome="Passed" testListId="8c84fa94-04c1-424b-9868-57a2d4851a1d" relativeResultsDirectory="5ea734bb-4017-465e-9bc8-4e6d9ff335d2" /><UnitTestResult executionId="83f53d23-410e-4d28-8480-b22dc88bcf72" testId="8df4a7fb-9c67-0191-23f2-d73c7f23950e" testName="Test002" computerName="md" duration="00:00:00.0024039" startTime="2018-11-12T00:19:54.2606025-05:00" endTime="2018-11-12T00:19:54.2632166-05:00" testType="13cdc9d9-ddb5-4fa4-a97d-d965ccfc6d4b" outcome="Passed" testListId="8c84fa94-04c1-424b-9868-57a2d4851a1d" relativeResultsDirectory="83f53d23-410e-4d28-8480-b22dc88bcf72" /><UnitTestResult executionId="4ed539b0-72e1-4594-a333-8b66abe68185" testId="fb9b6331-d494-d57c-891a-50a4b2142da4" testName="Test006" computerName="md" duration="00:00:00.0003588" startTime="2018-11-12T00:19:54.0563682-05:00" endTime="2018-11-12T00:19:54.0568893-05:00" testType="13cdc9d9-ddb5-4fa4-a97d-d965ccfc6d4b" outcome="Passed" testListId="8c84fa94-04c1-424b-9868-57a2d4851a1d" relativeResultsDirectory="4ed539b0-72e1-4594-a333-8b66abe68185" /><UnitTestResult executionId="fbb95dd6-5a12-4f8d-8faf-8aa17fb1a39e" testId="ad7e0afa-256f-5e8b-5012-8e1d089e585f" testName="Test074" computerName="md" duration="00:00:00.0001494" startTime="2018-11-12T00:19:54.4292838-05:00" endTime="2018-11-12T00:19:54.4295273-05:00" testType="13cdc9d9-ddb5-4fa4-a97d-d965ccfc6d4b" outcome="Passed" testListId="8c84fa94-04c1-424b-9868-57a2d4851a1d" relativeResultsDirectory="fbb95dd6-5a12-4f8d-8faf-8aa17fb1a39e" /><UnitTestResult executionId="4225b0d5-a577-4873-adb9-22cb1d4a81b9" testId="6847b6ac-8ad5-4f12-8c71-61726d7f4156" testName="Test024" computerName="md" duration="00:00:00.0028372" startTime="2018-11-12T00:19:54.2087722-05:00" endTime="2018-11-12T00:19:54.2117848-05:00" testType="13cdc9d9-ddb5-4fa4-a97d-d965ccfc6d4b" outcome="Passed" testListId="8c84fa94-04c1-424b-9868-57a2d4851a1d" relativeResultsDirectory="4225b0d5-a577-4873-adb9-22cb1d4a81b9" /><UnitTestResult executionId="ab2a5779-1a51-405d-99d6-7f4e6a75d426" testId="73f8ed82-19d0-2820-262e-f1033951b34d" testName="Test044" computerName="md" duration="00:00:00.0001535" startTime="2018-11-12T00:19:54.4082357-05:00" endTime="2018-11-12T00:19:54.4084780-05:00" testType="13cdc9d9-ddb5-4fa4-a97d-d965ccfc6d4b" outcome="Passed" testListId="8c84fa94-04c1-424b-9868-57a2d4851a1d" relativeResultsDirectory="ab2a5779-1a51-405d-99d6-7f4e6a75d426" /><UnitTestResult executionId="0abc6bac-7287-44b3-b23d-fae16f14bf00" testId="753054f8-c783-e352-02fa-b9133f78e9f3" testName="Test027" computerName="md" duration="00:00:00.0026091" startTime="2018-11-12T00:19:54.2170657-05:00" endTime="2018-11-12T00:19:54.2198585-05:00" testType="13cdc9d9-ddb5-4fa4-a97d-d965ccfc6d4b" outcome="Passed" testListId="8c84fa94-04c1-424b-9868-57a2d4851a1d" relativeResultsDirectory="0abc6bac-7287-44b3-b23d-fae16f14bf00" /><UnitTestResult executionId="d7a3633d-b63c-4559-8e90-f789eaacd715" testId="ac462d5b-7bfc-8de9-9778-9d6460b7825a" testName="Test007" computerName="md" duration="00:00:00.0015499" startTime="2018-11-12T00:19:54.1066531-05:00" endTime="2018-11-12T00:19:54.1085947-05:00" testType="13cdc9d9-ddb5-4fa4-a97d-d965ccfc6d4b" outcome="Passed" testListId="8c84fa94-04c1-424b-9868-57a2d4851a1d" relativeResultsDirectory="d7a3633d-b63c-4559-8e90-f789eaacd715" /><UnitTestResult executionId="1547144f-8ccf-4b41-bbc8-159aac9067f1" testId="dccc2d67-e9bc-138c-58e7-9b9340033b1c" testName="Test005" computerName="md" duration="00:00:00.0035875" startTime="2018-11-12T00:19:53.8270151-05:00" endTime="2018-11-12T00:19:53.8306851-05:00" testType="13cdc9d9-ddb5-4fa4-a97d-d965ccfc6d4b" outcome="Passed" testListId="8c84fa94-04c1-424b-9868-57a2d4851a1d" relativeResultsDirectory="1547144f-8ccf-4b41-bbc8-159aac9067f1" /><UnitTestResult executionId="0459b1cc-8a38-42e0-be43-ebc618b74f0e" testId="36486b46-0434-50c1-b6e9-0f1e03e7fdf2" testName="Test003" computerName="md" duration="00:00:00.0005124" startTime="2018-11-12T00:19:53.8258390-05:00" endTime="2018-11-12T00:19:53.8264362-05:00" testType="13cdc9d9-ddb5-4fa4-a97d-d965ccfc6d4b" outcome="Passed" testListId="8c84fa94-04c1-424b-9868-57a2d4851a1d" relativeResultsDirectory="0459b1cc-8a38-42e0-be43-ebc618b74f0e" /><UnitTestResult executionId="2bcd4795-ea0e-409b-a02b-8c2fcf076955" testId="04d5ef15-0536-d8f9-078b-26c43b53bcb4" testName="Test019" computerName="md" duration="00:00:00.0005795" startTime="2018-11-12T00:19:54.0232086-05:00" endTime="2018-11-12T00:19:54.0241913-05:00" testType="13cdc9d9-ddb5-4fa4-a97d-d965ccfc6d4b" outcome="Passed" testListId="8c84fa94-04c1-424b-9868-57a2d4851a1d" relativeResultsDirectory="2bcd4795-ea0e-409b-a02b-8c2fcf076955" /><UnitTestResult executionId="9781cd33-4d69-4da2-9d38-3dde9bd2f59f" testId="15c78f5e-857e-c8f0-8376-f93583431bbe" testName="Test051" computerName="md" duration="00:00:00.0001502" startTime="2018-11-12T00:19:54.4089950-05:00" endTime="2018-11-12T00:19:54.4092439-05:00" testType="13cdc9d9-ddb5-4fa4-a97d-d965ccfc6d4b" outcome="Passed" testListId="8c84fa94-04c1-424b-9868-57a2d4851a1d" relativeResultsDirectory="9781cd33-4d69-4da2-9d38-3dde9bd2f59f" /><UnitTestResult executionId="938414ce-71c2-47de-a07d-fb4654750903" testId="893617e2-3afa-851e-2f27-88ca9c7c5736" testName="Test021" computerName="md" duration="00:00:00.0011667" startTime="2018-11-12T00:19:54.2035672-05:00" endTime="2018-11-12T00:19:54.2050090-05:00" testType="13cdc9d9-ddb5-4fa4-a97d-d965ccfc6d4b" outcome="Passed" testListId="8c84fa94-04c1-424b-9868-57a2d4851a1d" relativeResultsDirectory="938414ce-71c2-47de-a07d-fb4654750903" /><UnitTestResult executionId="a057c4d6-e973-4d3d-ac96-5dad284c152c" testId="55e64772-6ac3-5923-11b2-36d35fe3f2c9" testName="Test021" computerName="md" duration="00:00:00.0027187" startTime="2018-11-12T00:19:54.3788209-05:00" endTime="2018-11-12T00:19:54.3816278-05:00" testType="13cdc9d9-ddb5-4fa4-a97d-d965ccfc6d4b" outcome="Passed" testListId="8c84fa94-04c1-424b-9868-57a2d4851a1d" relativeResultsDirectory="a057c4d6-e973-4d3d-ac96-5dad284c152c" /><UnitTestResult executionId="270259ec-ee4a-42ce-91ec-bb9adab187d9" testId="1934e184-cd9d-7bfd-5db4-3bb2057ff99d" testName="Test007" computerName="md" duration="00:00:00.0001422" startTime="2018-11-12T00:19:54.3668883-05:00" endTime="2018-11-12T00:19:54.3671243-05:00" testType="13cdc9d9-ddb5-4fa4-a97d-d965ccfc6d4b" outcome="Passed" testListId="8c84fa94-04c1-424b-9868-57a2d4851a1d" relativeResultsDirectory="270259ec-ee4a-42ce-91ec-bb9adab187d9" /><UnitTestResult executionId="2ed22246-d7fe-4f2b-ba1b-dcbc2206bf0e" testId="04d8da4e-d1ee-733e-3a70-cbfa82aa9f9b" testName="Test015" computerName="md" duration="00:00:00.0008717" startTime="2018-11-12T00:19:54.1843151-05:00" endTime="2018-11-12T00:19:54.1854134-05:00" testType="13cdc9d9-ddb5-4fa4-a97d-d965ccfc6d4b" outcome="Passed" testListId="8c84fa94-04c1-424b-9868-57a2d4851a1d" relativeResultsDirectory="2ed22246-d7fe-4f2b-ba1b-dcbc2206bf0e" /><UnitTestResult executionId="5ec8b51d-f949-4448-9bb1-45398868fd0c" testId="17d75896-4980-2f23-58a0-83b6ba4d32b2" testName="Test058" computerName="md" duration="00:00:00.0001416" startTime="2018-11-12T00:19:54.4182933-05:00" endTime="2018-11-12T00:19:54.4185261-05:00" testType="13cdc9d9-ddb5-4fa4-a97d-d965ccfc6d4b" outcome="Passed" testListId="8c84fa94-04c1-424b-9868-57a2d4851a1d" relativeResultsDirectory="5ec8b51d-f949-4448-9bb1-45398868fd0c" /><UnitTestResult executionId="d381c4ef-5f3c-4312-97a9-23a447d59fa9" testId="f50e35ff-a9ee-1bac-ce24-c7a43e2b42cc" testName="Test002Name" computerName="md" duration="00:00:00.0015605" startTime="2018-11-12T00:19:54.2834207-05:00" endTime="2018-11-12T00:19:54.2852087-05:00" testType="13cdc9d9-ddb5-4fa4-a97d-d965ccfc6d4b" outcome="Passed" testListId="8c84fa94-04c1-424b-9868-57a2d4851a1d" relativeResultsDirectory="d381c4ef-5f3c-4312-97a9-23a447d59fa9" /><UnitTestResult executionId="1c93440a-8fb2-4c41-9fb7-7bc025554d48" testId="ab8fd6bd-f6d1-d3ca-9316-d241aa82a4ec" testName="Test022" computerName="md" duration="00:00:00.0002018" startTime="2018-11-12T00:19:54.0699430-05:00" endTime="2018-11-12T00:19:54.0702292-05:00" testType="13cdc9d9-ddb5-4fa4-a97d-d965ccfc6d4b" outcome="Passed" testListId="8c84fa94-04c1-424b-9868-57a2d4851a1d" relativeResultsDirectory="1c93440a-8fb2-4c41-9fb7-7bc025554d48" /><UnitTestResult executionId="f9e84aee-6b36-444a-972e-7838983b3d9c" testId="7d6124f1-a34c-51f9-bb6b-80f29bf05e5b" testName="Test011" computerName="md" duration="00:00:00.0001472" startTime="2018-11-12T00:19:54.3680251-05:00" endTime="2018-11-12T00:19:54.3682608-05:00" testType="13cdc9d9-ddb5-4fa4-a97d-d965ccfc6d4b" outcome="Passed" testListId="8c84fa94-04c1-424b-9868-57a2d4851a1d" relativeResultsDirectory="f9e84aee-6b36-444a-972e-7838983b3d9c" /><UnitTestResult executionId="a3b3c53e-d2fb-46c9-8cd0-daaadd659a1a" testId="62cdb434-2cb2-5016-96bd-b328b289c58e" testName="Test004" computerName="md" duration="00:00:00.0023709" startTime="2018-11-12T00:19:54.1577374-05:00" endTime="2018-11-12T00:19:54.1603091-05:00" testType="13cdc9d9-ddb5-4fa4-a97d-d965ccfc6d4b" outcome="Passed" testListId="8c84fa94-04c1-424b-9868-57a2d4851a1d" relativeResultsDirectory="a3b3c53e-d2fb-46c9-8cd0-daaadd659a1a" /><UnitTestResult executionId="d086563c-87e6-439a-b738-b4ef16675567" testId="7d44fbe8-7d4f-0ef3-72ae-d7a544972b52" testName="Test039" computerName="md" duration="00:00:00.0001543" startTime="2018-11-12T00:19:54.4001840-05:00" endTime="2018-11-12T00:19:54.4004292-05:00" testType="13cdc9d9-ddb5-4fa4-a97d-d965ccfc6d4b" outcome="Passed" testListId="8c84fa94-04c1-424b-9868-57a2d4851a1d" relativeResultsDirectory="d086563c-87e6-439a-b738-b4ef16675567" /><UnitTestResult executionId="6007b256-f781-44db-81f8-da34dc133661" testId="d25f5b2d-166b-fbbe-389d-6a8513100ee7" testName="Test005" computerName="md" duration="00:00:00.0025792" startTime="2018-11-12T00:19:54.2962148-05:00" endTime="2018-11-12T00:19:54.2990058-05:00" testType="13cdc9d9-ddb5-4fa4-a97d-d965ccfc6d4b" outcome="Passed" testListId="8c84fa94-04c1-424b-9868-57a2d4851a1d" relativeResultsDirectory="6007b256-f781-44db-81f8-da34dc133661" /><UnitTestResult executionId="c0183e89-29b2-44a7-9b40-9d75bf0da61f" testId="2bf8d815-77b8-3f84-f462-3b6f9992c7ba" testName="Test080" computerName="md" duration="00:00:00.0017055" startTime="2018-11-12T00:19:54.4379590-05:00" endTime="2018-11-12T00:19:54.4397564-05:00" testType="13cdc9d9-ddb5-4fa4-a97d-d965ccfc6d4b" outcome="Passed" testListId="8c84fa94-04c1-424b-9868-57a2d4851a1d" relativeResultsDirectory="c0183e89-29b2-44a7-9b40-9d75bf0da61f" /><UnitTestResult executionId="1b7db772-fe4f-4576-ab6d-5dc7b4cc1051" testId="2bf0d258-edaa-d622-cdbf-6b02880cb8a2" testName="Test010" computerName="md" duration="00:00:00.0059755" startTime="2018-11-12T00:19:54.3318289-05:00" endTime="2018-11-12T00:19:54.3379916-05:00" testType="13cdc9d9-ddb5-4fa4-a97d-d965ccfc6d4b" outcome="Passed" testListId="8c84fa94-04c1-424b-9868-57a2d4851a1d" relativeResultsDirectory="1b7db772-fe4f-4576-ab6d-5dc7b4cc1051" /><UnitTestResult executionId="06207c57-c519-4efc-99b8-4bdd353eae95" testId="2388c4ec-c5d8-23f3-672d-46f9e0bfb076" testName="Test026" computerName="md" duration="00:00:00.0025567" startTime="2018-11-12T00:19:54.2142884-05:00" endTime="2018-11-12T00:19:54.2170475-05:00" testType="13cdc9d9-ddb5-4fa4-a97d-d965ccfc6d4b" outcome="Passed" testListId="8c84fa94-04c1-424b-9868-57a2d4851a1d" relativeResultsDirectory="06207c57-c519-4efc-99b8-4bdd353eae95" /><UnitTestResult executionId="5d4c7df4-7efc-4664-b9af-18b7347b46d8" testId="8c242118-b9d9-8ff8-6c10-ce45b65b66d0" testName="Test083" computerName="md" duration="00:00:00.0056391" startTime="2018-11-12T00:19:54.4405595-05:00" endTime="2018-11-12T00:19:54.4462962-05:00" testType="13cdc9d9-ddb5-4fa4-a97d-d965ccfc6d4b" outcome="Passed" testListId="8c84fa94-04c1-424b-9868-57a2d4851a1d" relativeResultsDirectory="5d4c7df4-7efc-4664-b9af-18b7347b46d8"><Output><StdOut>Method: Int32 GetHashCode()
Method: Int32 GetHashCode(System.StringComparison)</StdOut></Output></UnitTestResult><UnitTestResult executionId="9732e2d6-1b7c-4a1b-bfff-1136d1f01277" testId="e752e5b9-5e77-37fd-2dec-d790ca221966" testName="Test028" computerName="md" duration="00:00:00.0001475" startTime="2018-11-12T00:19:54.3905258-05:00" endTime="2018-11-12T00:19:54.3907674-05:00" testType="13cdc9d9-ddb5-4fa4-a97d-d965ccfc6d4b" outcome="Passed" testListId="8c84fa94-04c1-424b-9868-57a2d4851a1d" relativeResultsDirectory="9732e2d6-1b7c-4a1b-bfff-1136d1f01277" /><UnitTestResult executionId="0fb21ce2-9697-4cdd-ad99-cc7c3123b06f" testId="290e87f6-3372-015e-d730-c0824711f335" testName="Test009" computerName="md" duration="00:00:00.0010544" startTime="2018-11-12T00:19:54.1104173-05:00" endTime="2018-11-12T00:19:54.1116705-05:00" testType="13cdc9d9-ddb5-4fa4-a97d-d965ccfc6d4b" outcome="Passed" testListId="8c84fa94-04c1-424b-9868-57a2d4851a1d" relativeResultsDirectory="0fb21ce2-9697-4cdd-ad99-cc7c3123b06f" /><UnitTestResult executionId="e1c3c5d1-5999-4497-a63b-d3093b649738" testId="9f57d7ce-6122-3890-4d68-a9b84d0d4c7a" testName="Test020" computerName="md" duration="00:00:00.0012994" startTime="2018-11-12T00:19:54.1925559-05:00" endTime="2018-11-12T00:19:54.1941400-05:00" testType="13cdc9d9-ddb5-4fa4-a97d-d965ccfc6d4b" outcome="Passed" testListId="8c84fa94-04c1-424b-9868-57a2d4851a1d" relativeResultsDirectory="e1c3c5d1-5999-4497-a63b-d3093b649738" /><UnitTestResult executionId="d15a791a-be22-4327-950a-4a26b1b876de" testId="18f09a5b-89f4-07cf-b0bb-1b346a764a22" testName="Test012" computerName="md" duration="00:00:00.0001940" startTime="2018-11-12T00:19:54.0585145-05:00" endTime="2018-11-12T00:19:54.0589270-05:00" testType="13cdc9d9-ddb5-4fa4-a97d-d965ccfc6d4b" outcome="Passed" testListId="8c84fa94-04c1-424b-9868-57a2d4851a1d" relativeResultsDirectory="d15a791a-be22-4327-950a-4a26b1b876de" /><UnitTestResult executionId="a7a276dd-3aa7-4074-97f2-18f7799ce471" testId="98d98180-500c-a954-5616-123f0727d5e7" testName="Test055" computerName="md" duration="00:00:00.0002400" startTime="2018-11-12T00:19:54.4100765-05:00" endTime="2018-11-12T00:19:54.4104073-05:00" testType="13cdc9d9-ddb5-4fa4-a97d-d965ccfc6d4b" outcome="Passed" testListId="8c84fa94-04c1-424b-9868-57a2d4851a1d" relativeResultsDirectory="a7a276dd-3aa7-4074-97f2-18f7799ce471" /><UnitTestResult executionId="82616ca2-3bb9-47be-9d56-2cbc73e90bbf" testId="c170ab8a-c125-e196-d379-9fe17d1da5da" testName="Test013" computerName="md" duration="00:00:00.0008679" startTime="2018-11-12T00:19:54.1780832-05:00" endTime="2018-11-12T00:19:54.1791203-05:00" testType="13cdc9d9-ddb5-4fa4-a97d-d965ccfc6d4b" outcome="Passed" testListId="8c84fa94-04c1-424b-9868-57a2d4851a1d" relativeResultsDirectory="82616ca2-3bb9-47be-9d56-2cbc73e90bbf" /><UnitTestResult executionId="0b1737b4-57e4-47fe-b203-6a5cf94af31f" testId="7fee8416-8b82-9032-6096-a27eb7f2e06c" testName="Test008" computerName="md" duration="00:00:00.0015642" startTime="2018-11-12T00:19:54.1086132-05:00" endTime="2018-11-12T00:19:54.1104040-05:00" testType="13cdc9d9-ddb5-4fa4-a97d-d965ccfc6d4b" outcome="Passed" testListId="8c84fa94-04c1-424b-9868-57a2d4851a1d" relativeResultsDirectory="0b1737b4-57e4-47fe-b203-6a5cf94af31f" /><UnitTestResult executionId="e39f79e5-78a7-4842-8473-5e412dda9e08" testId="a59d06f7-9562-924e-3b1c-aa42e08b5cf8" testName="Test004" computerName="md" duration="00:00:00.0017545" startTime="2018-11-12T00:19:54.2660989-05:00" endTime="2018-11-12T00:19:54.2680092-05:00" testType="13cdc9d9-ddb5-4fa4-a97d-d965ccfc6d4b" outcome="Passed" testListId="8c84fa94-04c1-424b-9868-57a2d4851a1d" relativeResultsDirectory="e39f79e5-78a7-4842-8473-5e412dda9e08" /><UnitTestResult executionId="6e0ad89c-cc95-4d55-8699-6b501ceff3a2" testId="e1e19c6c-c651-505e-d43f-7be71245ab1a" testName="Test067" computerName="md" duration="00:00:00.0001507" startTime="2018-11-12T00:19:54.4273753-05:00" endTime="2018-11-12T00:19:54.4276430-05:00" testType="13cdc9d9-ddb5-4fa4-a97d-d965ccfc6d4b" outcome="Passed" testListId="8c84fa94-04c1-424b-9868-57a2d4851a1d" relativeResultsDirectory="6e0ad89c-cc95-4d55-8699-6b501ceff3a2" /><UnitTestResult executionId="f3c56c2c-0bc8-4697-b7ef-132a597ba48e" testId="62544be8-b853-7465-eabf-8410911eb69f" testName="Test018" computerName="md" duration="00:00:00.0002320" startTime="2018-11-12T00:19:54.0132320-05:00" endTime="2018-11-12T00:19:54.0136472-05:00" testType="13cdc9d9-ddb5-4fa4-a97d-d965ccfc6d4b" outcome="Passed" testListId="8c84fa94-04c1-424b-9868-57a2d4851a1d" relativeResultsDirectory="f3c56c2c-0bc8-4697-b7ef-132a597ba48e" /><UnitTestResult executionId="c14cc910-156a-45d2-9740-ac33ce7d83f4" testId="97ca9cf9-0d11-a1ba-2501-337f6c09bd40" testName="Test054" computerName="md" duration="00:00:00.0001792" startTime="2018-11-12T00:19:54.4097862-05:00" endTime="2018-11-12T00:19:54.4100637-05:00" testType="13cdc9d9-ddb5-4fa4-a97d-d965ccfc6d4b" outcome="Passed" testListId="8c84fa94-04c1-424b-9868-57a2d4851a1d" relativeResultsDirectory="c14cc910-156a-45d2-9740-ac33ce7d83f4" /><UnitTestResult executionId="9f08891a-d16d-4acf-a662-7dfc17d474e7" testId="56b6af87-64c4-71d5-272f-266128d1c5d9" testName="Test088" computerName="md" duration="00:00:00.0001883" startTime="2018-11-12T00:19:54.4545111-05:00" endTime="2018-11-12T00:19:54.4547958-05:00" testType="13cdc9d9-ddb5-4fa4-a97d-d965ccfc6d4b" outcome="Passed" testListId="8c84fa94-04c1-424b-9868-57a2d4851a1d" relativeResultsDirectory="9f08891a-d16d-4acf-a662-7dfc17d474e7" /><UnitTestResult executionId="3f509e31-f5cc-43fe-8d4a-0ba5d7269e98" testId="317546dc-4ca5-1320-e9eb-b7a62644698c" testName="Test001" computerName="md" duration="00:00:00.0097884" startTime="2018-11-12T00:19:54.0275938-05:00" endTime="2018-11-12T00:19:54.0385448-05:00" testType="13cdc9d9-ddb5-4fa4-a97d-d965ccfc6d4b" outcome="Passed" testListId="8c84fa94-04c1-424b-9868-57a2d4851a1d" relativeResultsDirectory="3f509e31-f5cc-43fe-8d4a-0ba5d7269e98" /><UnitTestResult executionId="12427751-1da4-424d-b4ef-74185bff0a41" testId="e8dee20c-20af-b799-1671-12ed1d25bbc2" testName="Test011" computerName="md" duration="00:00:00.0018774" startTime="2018-11-12T00:19:54.1134650-05:00" endTime="2018-11-12T00:19:54.1155062-05:00" testType="13cdc9d9-ddb5-4fa4-a97d-d965ccfc6d4b" outcome="Passed" testListId="8c84fa94-04c1-424b-9868-57a2d4851a1d" relativeResultsDirectory="12427751-1da4-424d-b4ef-74185bff0a41" /><UnitTestResult executionId="752cb9fe-ac41-4f06-bb1a-36f11ac6752d" testId="4423168f-54b1-e8c9-bd28-10e13572d288" testName="Test002" computerName="md" duration="00:00:00.0030738" startTime="2018-11-12T00:19:54.0777310-05:00" endTime="2018-11-12T00:19:54.0810015-05:00" testType="13cdc9d9-ddb5-4fa4-a97d-d965ccfc6d4b" outcome="Passed" testListId="8c84fa94-04c1-424b-9868-57a2d4851a1d" relativeResultsDirectory="752cb9fe-ac41-4f06-bb1a-36f11ac6752d" /><UnitTestResult executionId="683f1f49-50c5-4fee-87f0-9f0883625289" testId="34236644-ef4c-305d-e3a1-224f9c5e5ba6" testName="Test063" computerName="md" duration="00:00:00.0001460" startTime="2018-11-12T00:19:54.4193054-05:00" endTime="2018-11-12T00:19:54.4195488-05:00" testType="13cdc9d9-ddb5-4fa4-a97d-d965ccfc6d4b" outcome="Passed" testListId="8c84fa94-04c1-424b-9868-57a2d4851a1d" relativeResultsDirectory="683f1f49-50c5-4fee-87f0-9f0883625289" /><UnitTestResult executionId="b7642213-7251-4831-9861-457f1b07f440" testId="49f2c107-ce2b-44e3-171a-63203799675c" testName="Test004" computerName="md" duration="00:00:00.0046602" startTime="2018-11-12T00:19:54.0846808-05:00" endTime="2018-11-12T00:19:54.0895239-05:00" testType="13cdc9d9-ddb5-4fa4-a97d-d965ccfc6d4b" outcome="Passed" testListId="8c84fa94-04c1-424b-9868-57a2d4851a1d" relativeResultsDirectory="b7642213-7251-4831-9861-457f1b07f440" /><UnitTestResult executionId="a8fd54ed-c5f5-4338-aea8-81801649c8d8" testId="af672351-1fb4-87ad-f3f2-81b58f770d67" testName="Test010" computerName="md" duration="00:00:00.0003676" startTime="2018-11-12T00:19:54.0573588-05:00" endTime="2018-11-12T00:19:54.0579854-05:00" testType="13cdc9d9-ddb5-4fa4-a97d-d965ccfc6d4b" outcome="Passed" testListId="8c84fa94-04c1-424b-9868-57a2d4851a1d" relativeResultsDirectory="a8fd54ed-c5f5-4338-aea8-81801649c8d8" /><UnitTestResult executionId="fb592806-71a5-46b3-840a-cb3e6da0b23f" testId="bc9e9fec-917c-1705-21f3-7c11597a471f" testName="Test041" computerName="md" duration="00:00:00.0001487" startTime="2018-11-12T00:19:54.4015713-05:00" endTime="2018-11-12T00:19:54.4018212-05:00" testType="13cdc9d9-ddb5-4fa4-a97d-d965ccfc6d4b" outcome="Passed" testListId="8c84fa94-04c1-424b-9868-57a2d4851a1d" relativeResultsDirectory="fb592806-71a5-46b3-840a-cb3e6da0b23f" /><UnitTestResult executionId="bdae21e4-8082-4008-9271-59c7221dadd9" testId="a8a6c7d2-8f9d-0b5f-2172-e6435b45f537" testName="Test032" computerName="md" duration="00:00:00.0026495" startTime="2018-11-12T00:19:54.2427676-05:00" endTime="2018-11-12T00:19:54.2456768-05:00" testType="13cdc9d9-ddb5-4fa4-a97d-d965ccfc6d4b" outcome="Passed" testListId="8c84fa94-04c1-424b-9868-57a2d4851a1d" relativeResultsDirectory="bdae21e4-8082-4008-9271-59c7221dadd9" /><UnitTestResult executionId="4247976a-04a1-4b10-8a4c-387fa6f20683" testId="2c3743b8-26e0-3c92-e9f6-9b191b916a52" testName="Test059" computerName="md" duration="00:00:00.0001426" startTime="2018-11-12T00:19:54.4185432-05:00" endTime="2018-11-12T00:19:54.4187820-05:00" testType="13cdc9d9-ddb5-4fa4-a97d-d965ccfc6d4b" outcome="Passed" testListId="8c84fa94-04c1-424b-9868-57a2d4851a1d" relativeResultsDirectory="4247976a-04a1-4b10-8a4c-387fa6f20683" /><UnitTestResult executionId="87d4bbdd-ac37-4619-95c9-fae194f5dafa" testId="4b35d4f6-380a-e2b0-670f-253da1f8230d" testName="Test045" computerName="md" duration="00:00:00.0001520" startTime="2018-11-12T00:19:54.4084905-05:00" endTime="2018-11-12T00:19:54.4087352-05:00" testType="13cdc9d9-ddb5-4fa4-a97d-d965ccfc6d4b" outcome="Passed" testListId="8c84fa94-04c1-424b-9868-57a2d4851a1d" relativeResultsDirectory="87d4bbdd-ac37-4619-95c9-fae194f5dafa" /><UnitTestResult executionId="a1a988df-549b-49df-af21-b928d08f85a2" testId="0cd565ce-fa74-5c15-0296-e9df305bccd6" testName="Test007" computerName="md" duration="00:00:00.0003875" startTime="2018-11-12T00:19:53.8310692-05:00" endTime="2018-11-12T00:19:53.8315388-05:00" testType="13cdc9d9-ddb5-4fa4-a97d-d965ccfc6d4b" outcome="Passed" testListId="8c84fa94-04c1-424b-9868-57a2d4851a1d" relativeResultsDirectory="a1a988df-549b-49df-af21-b928d08f85a2" /><UnitTestResult executionId="dafe4507-a1f5-4c3d-9486-576667f42dc1" testId="1eb76cb0-b732-90f4-a74e-c31ab1cce1ac" testName="Test022" computerName="md" duration="00:00:00.0018530" startTime="2018-11-12T00:19:54.2050231-05:00" endTime="2018-11-12T00:19:54.2070731-05:00" testType="13cdc9d9-ddb5-4fa4-a97d-d965ccfc6d4b" outcome="Passed" testListId="8c84fa94-04c1-424b-9868-57a2d4851a1d" relativeResultsDirectory="dafe4507-a1f5-4c3d-9486-576667f42dc1" /><UnitTestResult executionId="0854337f-55ad-4ed3-8e6b-c0713459bf10" testId="08feb6c2-db69-dfe8-5d4d-8b4e87e85c08" testName="Test017" computerName="md" duration="00:00:00.0002982" startTime="2018-11-12T00:19:54.0127545-05:00" endTime="2018-11-12T00:19:54.0132178-05:00" testType="13cdc9d9-ddb5-4fa4-a97d-d965ccfc6d4b" outcome="Passed" testListId="8c84fa94-04c1-424b-9868-57a2d4851a1d" relativeResultsDirectory="0854337f-55ad-4ed3-8e6b-c0713459bf10" /><UnitTestResult executionId="d740859c-ccb6-451c-ae96-2c4a1188c519" testId="f3103db2-b35c-9767-0b60-01797b891d9b" testName="Test084" computerName="md" duration="00:00:00.0005192" startTime="2018-11-12T00:19:54.4464371-05:00" endTime="2018-11-12T00:19:54.4470584-05:00" testType="13cdc9d9-ddb5-4fa4-a97d-d965ccf
[...]
5adb7e-f35d-720a-8e08-1910dc1ef98d" executionId="312e604a-0c39-4554-85f7-a79191a7d3cc" testListId="8c84fa94-04c1-424b-9868-57a2d4851a1d" /><TestEntry testId="62dcaab7-a6b5-698b-b8bc-a8def509092f" executionId="cd7e2728-454e-4e9f-83ad-8536f3c55716" testListId="8c84fa94-04c1-424b-9868-57a2d4851a1d" /><TestEntry testId="26d0d228-b0b7-0eb4-10fc-87e53c6df7ca" executionId="4bf0e34f-7090-4e51-849b-11e04d2d21cc" testListId="8c84fa94-04c1-424b-9868-57a2d4851a1d" /><TestEntry testId="abf0a593-ef7d-4871-1fc5-ff8bac5d2145" executionId="c54bb0f4-1f8d-41d6-84e5-f13f2fba8ea5" testListId="8c84fa94-04c1-424b-9868-57a2d4851a1d" /><TestEntry testId="070d8d8f-6751-e29f-4dd0-36c1a26d5b1b" executionId="c6d4b9b3-eea0-439d-b529-ac6b3a0221f7" testListId="8c84fa94-04c1-424b-9868-57a2d4851a1d" /><TestEntry testId="8e1c2366-5d1d-9637-ae1f-8dad2e0ce5c5" executionId="30a5a836-3ed7-4764-bb32-005689a66cf1" testListId="8c84fa94-04c1-424b-9868-57a2d4851a1d" /><TestEntry testId="badf929a-0c13-ab46-8c2d-01b624e9b3e8" executionId="d374d3f8-14d4-4481-9b65-defeaa01cd7f" testListId="8c84fa94-04c1-424b-9868-57a2d4851a1d" /><TestEntry testId="5d6ac7b8-5d09-e293-3632-d1961094bc2b" executionId="e5582da2-65dc-409b-908d-4db5a3e7fc02" testListId="8c84fa94-04c1-424b-9868-57a2d4851a1d" /><TestEntry testId="86cf9af4-85a8-fffd-11c3-c0537975b1b8" executionId="ed67ac43-6f2f-49ea-82ce-6a11f09bfc73" testListId="8c84fa94-04c1-424b-9868-57a2d4851a1d" /><TestEntry testId="609a574c-cfde-d41f-ac2b-980dbc1f404d" executionId="bb0f0061-e7df-4f1f-9b25-85bc5324bd52" testListId="8c84fa94-04c1-424b-9868-57a2d4851a1d" /><TestEntry testId="8973cb57-42cd-ea43-d694-1a87d00f1942" executionId="9feaaa29-b35d-43e3-9744-3eb0944324f2" testListId="8c84fa94-04c1-424b-9868-57a2d4851a1d" /><TestEntry testId="4e816263-560d-6d37-e49d-d489bae39333" executionId="28720b0b-5bad-4168-9ee4-e0bd866278b5" testListId="8c84fa94-04c1-424b-9868-57a2d4851a1d" /><TestEntry testId="c837b9e3-ab49-136b-5646-9b5725ec791c" executionId="975ef617-fc8f-4437-bb1d-0decc78eafbf" testListId="8c84fa94-04c1-424b-9868-57a2d4851a1d" /><TestEntry testId="0f658e6c-9765-4e1e-b4af-3e28f089ea97" executionId="c5ff9f91-dd86-4cc4-ac8e-7f29814666c2" testListId="8c84fa94-04c1-424b-9868-57a2d4851a1d" /><TestEntry testId="80ef5cf8-0b41-0ed7-5d4d-76c62f4504e2" executionId="e5474de0-c7bc-44e1-8650-906ae48a8ff3" testListId="8c84fa94-04c1-424b-9868-57a2d4851a1d" /><TestEntry testId="eb497425-7768-445b-9cee-5d3dded2af5a" executionId="3e941a63-34ec-49e1-975c-614ae416a9d1" testListId="8c84fa94-04c1-424b-9868-57a2d4851a1d" /><TestEntry testId="7c8859cc-7dea-fae9-ac99-36bb93510753" executionId="3a2a5f90-b881-40e9-a3b0-3bde6872a909" testListId="8c84fa94-04c1-424b-9868-57a2d4851a1d" /><TestEntry testId="f305c5b9-0479-9ef9-ea61-0e8476863b9b" executionId="572a77d5-2cc5-49d3-a8e2-b39395fcb15c" testListId="8c84fa94-04c1-424b-9868-57a2d4851a1d" /><TestEntry testId="486cb163-d1db-e52c-cd0d-2c69a4ec266b" executionId="3598d185-2415-44e9-8295-ddd123c66fc0" testListId="8c84fa94-04c1-424b-9868-57a2d4851a1d" /><TestEntry testId="5e1d3ca6-485a-fcc5-6c15-1af0e2737ab2" executionId="7605816d-4299-4262-bfb0-21d9c3b6d2b3" testListId="8c84fa94-04c1-424b-9868-57a2d4851a1d" /><TestEntry testId="073663a6-6e3f-f5ee-ba19-193b8109f740" executionId="6fbaa89d-fc88-412f-9bd2-036072486e1e" testListId="8c84fa94-04c1-424b-9868-57a2d4851a1d" /><TestEntry testId="b9566698-4144-28a2-2766-ee6ff4de3cf8" executionId="ee250a11-c1ab-4fd9-b29c-f09d7213d5c7" testListId="8c84fa94-04c1-424b-9868-57a2d4851a1d" /><TestEntry testId="1a02bf5b-186d-af4d-953c-5595039f9753" executionId="5fa5cde2-646b-42a9-8c77-3b3d4ae4e36c" testListId="8c84fa94-04c1-424b-9868-57a2d4851a1d" /><TestEntry testId="b5b27341-7414-c6b8-2b8f-bfb8fd131728" executionId="7772a670-3cc5-4913-819b-289e925f5c7b" testListId="8c84fa94-04c1-424b-9868-57a2d4851a1d" /><TestEntry testId="e613479a-3441-d3e1-36ab-961260698760" executionId="ded201f7-7750-4517-951e-db7267a95477" testListId="8c84fa94-04c1-424b-9868-57a2d4851a1d" /><TestEntry testId="011c883d-98f3-1b8d-a452-3a3efdba8d3b" executionId="a96431e2-524c-4196-ad7a-b00290ceb23f" testListId="8c84fa94-04c1-424b-9868-57a2d4851a1d" /><TestEntry testId="47a093cb-795a-5207-831b-716bf72e5003" executionId="58f22295-401d-46d6-9bdb-dfdfc4102d9e" testListId="8c84fa94-04c1-424b-9868-57a2d4851a1d" /><TestEntry testId="2d07cb6e-b7eb-d25a-b10a-653ceb249899" executionId="f7a1a2a9-004e-413f-a780-4e580c780721" testListId="8c84fa94-04c1-424b-9868-57a2d4851a1d" /><TestEntry testId="6e5800cd-5ca0-c474-c6d6-7922d4812060" executionId="b365fbd2-fe41-410f-ad20-b915a86bacd8" testListId="8c84fa94-04c1-424b-9868-57a2d4851a1d" /><TestEntry testId="d28a7502-1d4b-7150-79da-a1abda3540b7" executionId="4b7621fd-4b7a-46c5-bbe0-11b8f40a2784" testListId="8c84fa94-04c1-424b-9868-57a2d4851a1d" /><TestEntry testId="4e0ac938-3cdb-7884-9ef2-9036977c60ee" executionId="d5bb7df6-7024-460e-933e-57e5cc22e834" testListId="8c84fa94-04c1-424b-9868-57a2d4851a1d" /><TestEntry testId="b3d9e764-6a92-9334-c9b2-861e5f9b08f0" executionId="a8278754-a2a1-44f7-b51f-918450870e19" testListId="8c84fa94-04c1-424b-9868-57a2d4851a1d" /><TestEntry testId="0bb0d158-2233-fc58-e3dd-7cefc807531c" executionId="1333b142-8b22-4e53-a858-869ba2c0ce55" testListId="8c84fa94-04c1-424b-9868-57a2d4851a1d" /><TestEntry testId="68300996-7f64-504b-1101-1d52df188270" executionId="e2801b1d-0ba0-4f50-9875-a53b3537f3df" testListId="8c84fa94-04c1-424b-9868-57a2d4851a1d" /><TestEntry testId="d3dd3037-bd08-0b55-c0d2-0bf56dc08136" executionId="98e817a9-2e6e-4d14-8831-06b0bd0b15c1" testListId="8c84fa94-04c1-424b-9868-57a2d4851a1d" /><TestEntry testId="776f2225-aa23-39e9-2292-93d4c325bdbe" executionId="27f85bea-22ad-4e64-9c3e-b79a60a5b583" testListId="8c84fa94-04c1-424b-9868-57a2d4851a1d" /><TestEntry testId="507b328b-1035-4caf-0570-55c4ec1d7ca8" executionId="71304100-2055-4cac-bb2d-8fc0b1cede42" testListId="8c84fa94-04c1-424b-9868-57a2d4851a1d" /><TestEntry testId="d9892e54-f41b-fd57-f417-46dc82071be9" executionId="86e542e3-c8d5-40c3-89f7-cafbdfbdae9c" testListId="8c84fa94-04c1-424b-9868-57a2d4851a1d" /><TestEntry testId="6294b4a6-5f58-4a50-8a19-47a367e94fef" executionId="d4502b3e-a507-4aef-b01f-7fc749de90f4" testListId="8c84fa94-04c1-424b-9868-57a2d4851a1d" /><TestEntry testId="f5a75b56-cb99-6333-e8d1-edff79c9f7d9" executionId="0ba41329-ddc4-4036-9139-f4028d5cdf15" testListId="8c84fa94-04c1-424b-9868-57a2d4851a1d" /><TestEntry testId="b5a8d72b-02d1-b378-ea5b-77e8d92f97a0" executionId="649846a1-0b10-4419-b951-44672b80d650" testListId="8c84fa94-04c1-424b-9868-57a2d4851a1d" /><TestEntry testId="9a9a0cb2-5b16-ef68-dae7-6b3edf33dac8" executionId="1aed3672-f202-43f9-ad36-99535ea3cc99" testListId="8c84fa94-04c1-424b-9868-57a2d4851a1d" /><TestEntry testId="11ee59e9-70d1-2782-e93e-b7935d0bdbb6" executionId="0c88a59e-f09c-4f88-9484-38600fe0993e" testListId="8c84fa94-04c1-424b-9868-57a2d4851a1d" /><TestEntry testId="031ff0c7-5da9-253e-57cd-ce054d3d99e4" executionId="95c14bfd-28b4-482f-8495-c12cd09a683c" testListId="8c84fa94-04c1-424b-9868-57a2d4851a1d" /><TestEntry testId="2c3ccebe-f20b-fbc0-a0f4-13f07b60e23e" executionId="cfb5ad6e-3601-49dd-a55c-16b8b518e0b1" testListId="8c84fa94-04c1-424b-9868-57a2d4851a1d" /><TestEntry testId="21bfb2ae-ee3b-e58c-8203-ef0d125ca5bf" executionId="28d997fc-89ab-4cd7-ac14-611f9aceb1bd" testListId="8c84fa94-04c1-424b-9868-57a2d4851a1d" /><TestEntry testId="1b9f5360-1fba-ce29-512f-5059369257c4" executionId="de2ac97d-b90d-4ac0-ba68-b26e68147ee7" testListId="8c84fa94-04c1-424b-9868-57a2d4851a1d" /><TestEntry testId="1df14103-2f73-1a31-f74d-bd352fa9b130" executionId="d13304e5-50dc-4d66-90e3-796cb5211247" testListId="8c84fa94-04c1-424b-9868-57a2d4851a1d" /><TestEntry testId="0f06ca0d-b93b-a2ba-3dde-1960448d8a8a" executionId="24cda7bd-65fb-4040-8b73-097eb7e92614" testListId="8c84fa94-04c1-424b-9868-57a2d4851a1d" /><TestEntry testId="2d826ff4-7b72-3c09-00e5-b35db0fd0f0a" executionId="c59d25fd-dfe6-4271-9df2-3b6976ced818" testListId="8c84fa94-04c1-424b-9868-57a2d4851a1d" /><TestEntry testId="0b09335c-84bd-1598-f112-e96a16ea51cf" executionId="a502f372-c87d-4c07-a2f8-16cdc85498da" testListId="8c84fa94-04c1-424b-9868-57a2d4851a1d" /><TestEntry testId="649ada82-3af5-c188-8e2d-d84d313a970d" executionId="cea057b2-bdb5-46c7-9088-79d154954083" testListId="8c84fa94-04c1-424b-9868-57a2d4851a1d" /><TestEntry testId="704ea94f-3068-4898-6913-ebb1faebffb3" executionId="edfdb610-ca3c-447e-9717-4d1d363849bb" testListId="8c84fa94-04c1-424b-9868-57a2d4851a1d" /><TestEntry testId="7ff1a111-632e-36b8-b673-ceb846c61f1c" executionId="de760da4-e9ee-4dcf-9f38-8eed3b52ffa2" testListId="8c84fa94-04c1-424b-9868-57a2d4851a1d" /><TestEntry testId="b7d03256-84c2-4436-8ebf-6249e3aa81d2" executionId="10095ab8-fcdc-4a83-b3ab-03a30aca48bf" testListId="8c84fa94-04c1-424b-9868-57a2d4851a1d" /><TestEntry testId="270e3851-20da-42fd-a751-78160a60e267" executionId="8fd1147d-f8a0-403d-82e2-237e25815332" testListId="8c84fa94-04c1-424b-9868-57a2d4851a1d" /><TestEntry testId="0175b3eb-5063-b936-0a7d-59bec185904a" executionId="9f175b25-6e6f-4ff6-959f-104dbc93b107" testListId="8c84fa94-04c1-424b-9868-57a2d4851a1d" /><TestEntry testId="2007f90e-d304-33fe-f96f-93f6d4c16fda" executionId="f52a791e-7532-4dfd-9ad4-f6def6272506" testListId="8c84fa94-04c1-424b-9868-57a2d4851a1d" /><TestEntry testId="e266f859-84ed-2f07-2829-a66d6e3d86eb" executionId="55ebb4a8-cc55-4308-af63-9138e8c8ccc7" testListId="8c84fa94-04c1-424b-9868-57a2d4851a1d" /><TestEntry testId="2c469624-d4a2-11f5-ba07-a63e6db14122" executionId="ca524402-afe0-42bf-b65f-ad0373fb628d" testListId="8c84fa94-04c1-424b-9868-57a2d4851a1d" /><TestEntry testId="c495fcc8-3fea-e389-6ab1-a0bbf638de4e" executionId="5ea734bb-4017-465e-9bc8-4e6d9ff335d2" testListId="8c84fa94-04c1-424b-9868-57a2d4851a1d" /><TestEntry testId="8df4a7fb-9c67-0191-23f2-d73c7f23950e" executionId="83f53d23-410e-4d28-8480-b22dc88bcf72" testListId="8c84fa94-04c1-424b-9868-57a2d4851a1d" /><TestEntry testId="fb9b6331-d494-d57c-891a-50a4b2142da4" executionId="4ed539b0-72e1-4594-a333-8b66abe68185" testListId="8c84fa94-04c1-424b-9868-57a2d4851a1d" /><TestEntry testId="ad7e0afa-256f-5e8b-5012-8e1d089e585f" executionId="fbb95dd6-5a12-4f8d-8faf-8aa17fb1a39e" testListId="8c84fa94-04c1-424b-9868-57a2d4851a1d" /><TestEntry testId="6847b6ac-8ad5-4f12-8c71-61726d7f4156" executionId="4225b0d5-a577-4873-adb9-22cb1d4a81b9" testListId="8c84fa94-04c1-424b-9868-57a2d4851a1d" /><TestEntry testId="73f8ed82-19d0-2820-262e-f1033951b34d" executionId="ab2a5779-1a51-405d-99d6-7f4e6a75d426" testListId="8c84fa94-04c1-424b-9868-57a2d4851a1d" /><TestEntry testId="753054f8-c783-e352-02fa-b9133f78e9f3" executionId="0abc6bac-7287-44b3-b23d-fae16f14bf00" testListId="8c84fa94-04c1-424b-9868-57a2d4851a1d" /><TestEntry testId="ac462d5b-7bfc-8de9-9778-9d6460b7825a" executionId="d7a3633d-b63c-4559-8e90-f789eaacd715" testListId="8c84fa94-04c1-424b-9868-57a2d4851a1d" /><TestEntry testId="dccc2d67-e9bc-138c-58e7-9b9340033b1c" executionId="1547144f-8ccf-4b41-bbc8-159aac9067f1" testListId="8c84fa94-04c1-424b-9868-57a2d4851a1d" /><TestEntry testId="36486b46-0434-50c1-b6e9-0f1e03e7fdf2" executionId="0459b1cc-8a38-42e0-be43-ebc618b74f0e" testListId="8c84fa94-04c1-424b-9868-57a2d4851a1d" /><TestEntry testId="04d5ef15-0536-d8f9-078b-26c43b53bcb4" executionId="2bcd4795-ea0e-409b-a02b-8c2fcf076955" testListId="8c84fa94-04c1-424b-9868-57a2d4851a1d" /><TestEntry testId="15c78f5e-857e-c8f0-8376-f93583431bbe" executionId="9781cd33-4d69-4da2-9d38-3dde9bd2f59f" testListId="8c84fa94-04c1-424b-9868-57a2d4851a1d" /><TestEntry testId="893617e2-3afa-851e-2f27-88ca9c7c5736" executionId="938414ce-71c2-47de-a07d-fb4654750903" testListId="8c84fa94-04c1-424b-9868-57a2d4851a1d" /><TestEntry testId="55e64772-6ac3-5923-11b2-36d35fe3f2c9" executionId="a057c4d6-e973-4d3d-ac96-5dad284c152c" testListId="8c84fa94-04c1-424b-9868-57a2d4851a1d" /><TestEntry testId="1934e184-cd9d-7bfd-5db4-3bb2057ff99d" executionId="270259ec-ee4a-42ce-91ec-bb9adab187d9" testListId="8c84fa94-04c1-424b-9868-57a2d4851a1d" /><TestEntry testId="04d8da4e-d1ee-733e-3a70-cbfa82aa9f9b" executionId="2ed22246-d7fe-4f2b-ba1b-dcbc2206bf0e" testListId="8c84fa94-04c1-424b-9868-57a2d4851a1d" /><TestEntry testId="17d75896-4980-2f23-58a0-83b6ba4d32b2" executionId="5ec8b51d-f949-4448-9bb1-45398868fd0c" testListId="8c84fa94-04c1-424b-9868-57a2d4851a1d" /><TestEntry testId="f50e35ff-a9ee-1bac-ce24-c7a43e2b42cc" executionId="d381c4ef-5f3c-4312-97a9-23a447d59fa9" testListId="8c84fa94-04c1-424b-9868-57a2d4851a1d" /><TestEntry testId="ab8fd6bd-f6d1-d3ca-9316-d241aa82a4ec" executionId="1c93440a-8fb2-4c41-9fb7-7bc025554d48" testListId="8c84fa94-04c1-424b-9868-57a2d4851a1d" /><TestEntry testId="7d6124f1-a34c-51f9-bb6b-80f29bf05e5b" executionId="f9e84aee-6b36-444a-972e-7838983b3d9c" testListId="8c84fa94-04c1-424b-9868-57a2d4851a1d" /><TestEntry testId="62cdb434-2cb2-5016-96bd-b328b289c58e" executionId="a3b3c53e-d2fb-46c9-8cd0-daaadd659a1a" testListId="8c84fa94-04c1-424b-9868-57a2d4851a1d" /><TestEntry testId="7d44fbe8-7d4f-0ef3-72ae-d7a544972b52" executionId="d086563c-87e6-439a-b738-b4ef16675567" testListId="8c84fa94-04c1-424b-9868-57a2d4851a1d" /><TestEntry testId="d25f5b2d-166b-fbbe-389d-6a8513100ee7" executionId="6007b256-f781-44db-81f8-da34dc133661" testListId="8c84fa94-04c1-424b-9868-57a2d4851a1d" /><TestEntry testId="2bf8d815-77b8-3f84-f462-3b6f9992c7ba" executionId="c0183e89-29b2-44a7-9b40-9d75bf0da61f" testListId="8c84fa94-04c1-424b-9868-57a2d4851a1d" /><TestEntry testId="2bf0d258-edaa-d622-cdbf-6b02880cb8a2" executionId="1b7db772-fe4f-4576-ab6d-5dc7b4cc1051" testListId="8c84fa94-04c1-424b-9868-57a2d4851a1d" /><TestEntry testId="2388c4ec-c5d8-23f3-672d-46f9e0bfb076" executionId="06207c57-c519-4efc-99b8-4bdd353eae95" testListId="8c84fa94-04c1-424b-9868-57a2d4851a1d" /><TestEntry testId="8c242118-b9d9-8ff8-6c10-ce45b65b66d0" executionId="5d4c7df4-7efc-4664-b9af-18b7347b46d8" testListId="8c84fa94-04c1-424b-9868-57a2d4851a1d" /><TestEntry testId="e752e5b9-5e77-37fd-2dec-d790ca221966" executionId="9732e2d6-1b7c-4a1b-bfff-1136d1f01277" testListId="8c84fa94-04c1-424b-9868-57a2d4851a1d" /><TestEntry testId="290e87f6-3372-015e-d730-c0824711f335" executionId="0fb21ce2-9697-4cdd-ad99-cc7c3123b06f" testListId="8c84fa94-04c1-424b-9868-57a2d4851a1d" /><TestEntry testId="9f57d7ce-6122-3890-4d68-a9b84d0d4c7a" executionId="e1c3c5d1-5999-4497-a63b-d3093b649738" testListId="8c84fa94-04c1-424b-9868-57a2d4851a1d" /><TestEntry testId="18f09a5b-89f4-07cf-b0bb-1b346a764a22" executionId="d15a791a-be22-4327-950a-4a26b1b876de" testListId="8c84fa94-04c1-424b-9868-57a2d4851a1d" /><TestEntry testId="98d98180-500c-a954-5616-123f0727d5e7" executionId="a7a276dd-3aa7-4074-97f2-18f7799ce471" testListId="8c84fa94-04c1-424b-9868-57a2d4851a1d" /><TestEntry testId="c170ab8a-c125-e196-d379-9fe17d1da5da" executionId="82616ca2-3bb9-47be-9d56-2cbc73e90bbf" testListId="8c84fa94-04c1-424b-9868-57a2d4851a1d" /><TestEntry testId="7fee8416-8b82-9032-6096-a27eb7f2e06c" executionId="0b1737b4-57e4-47fe-b203-6a5cf94af31f" testListId="8c84fa94-04c1-424b-9868-57a2d4851a1d" /><TestEntry testId="a59d06f7-9562-924e-3b1c-aa42e08b5cf8" executionId="e39f79e5-78a7-4842-8473-5e412dda9e08" testListId="8c84fa94-04c1-424b-9868-57a2d4851a1d" /><TestEntry testId="e1e19c6c-c651-505e-d43f-7be71245ab1a" executionId="6e0ad89c-cc95-4d55-8699-6b501ceff3a2" testListId="8c84fa94-04c1-424b-9868-57a2d4851a1d" /><TestEntry testId="62544be8-b853-7465-eabf-8410911eb69f" executionId="f3c56c2c-0bc8-4697-b7ef-132a597ba48e" testListId="8c84fa94-04c1-424b-9868-57a2d4851a1d" /><TestEntry testId="97ca9cf9-0d11-a1ba-2501-337f6c09bd40" executionId="c14cc910-156a-45d2-9740-ac33ce7d83f4" testListId="8c84fa94-04c1-424b-9868-57a2d4851a1d" /><TestEntry testId="56b6af87-64c4-71d5-272f-266128d1c5d9" executionId="9f08891a-d16d-4acf-a662-7dfc17d474e7" testListId="8c84fa94-04c1-424b-9868-57a2d4851a1d" /><TestEntry testId="317546dc-4ca5-1320-e9eb-b7a62644698c" executionId="3f509e31-f5cc-43fe-8d4a-0ba5d7269e98" testListId="8c84fa94-04c1-424b-9868-57a2d4851a1d" /><TestEntry testId="e8dee20c-20af-b799-1671-12ed1d25bbc2" executionId="12427751-1da4-424d-b4ef-74185bff0a41" testListId="8c84fa94-04c1-424b-9868-57a2d4851a1d" /><TestEntry testId="4423168f-54b1-e8c9-bd28-10e13572d288" executionId="752cb9fe-ac41-4f06-bb1a-36f11ac6752d" testListId="8c84fa94-04c1-424b-9868-57a2d4851a1d" /><TestEntry testId="34236644-ef4c-305d-e3a1-224f9c5e5ba6" executionId="683f1f49-50c5-4fee-87f0-9f0883625289" testListId="8c84fa94-04c1-424b-9868-57a2d4851a1d" /><TestEntry testId="49f2c107-ce2b-44e3-171a-63203799675c" executionId="b7642213-7251-4831-9861-457f1b07f440" testListId="8c84fa94-04c1-424b-9868-57a2d4851a1d" /><TestEntry testId="af672351-1fb4-87ad-f3f2-81b58f770d67" executionId="a8fd54ed-c5f5-4338-aea8-81801649c8d8" testListId="8c84fa94-04c1-424b-9868-57a2d4851a1d" /><TestEntry testId="bc9e9fec-917c-1705-21f3-7c11597a471f" executionId="fb592806-71a5-46b3-840a-cb3e6da0b23f" testListId="8c84fa94-04c1-424b-9868-57a2d4851a1d" /><TestEntry testId="a8a6c7d2-8f9d-0b5f-2172-e6435b45f537" executionId="bdae21e4-8082-4008-9271-59c7221dadd9" testListId="8c84fa94-04c1-424b-9868-57a2d4851a1d" /><TestEntry testId="2c3743b8-26e0-3c92-e9f6-9b191b916a52" executionId="4247976a-04a1-4b10-8a4c-387fa6f20683" testListId="8c84fa94-04c1-424b-9868-57a2d4851a1d" /><TestEntry testId="4b35d4f6-380a-e2b0-670f-253da1f8230d" executionId="87d4bbdd-ac37-4619-95c9-fae194f5dafa" testListId="8c84fa94-04c1-424b-9868-57a2d4851a1d" /><TestEntry testId="0cd565ce-fa74-5c15-0296-e9df305bccd6" executionId="a1a988df-549b-49df-af21-b928d08f85a2" testListId="8c84fa94-04c1-424b-9868-57a2d4851a1d" /><TestEntry testId="1eb76cb0-b732-90f4-a74e-c31ab1cce1ac" executionId="dafe4507-a1f5-4c3d-9486-576667f42dc1" testListId="8c84fa94-04c1-424b-9868-57a2d4851a1d" /><TestEntry testId="08feb6c2-db69-dfe8-5d4d-8b4e87e85c08" executionId="0854337f-55ad-4ed3-8e6b-c0713459bf10" testListId="8c84fa94-04c1-424b-9868-57a2d4851a1d" /><TestEntry testId="f3103db2-b35c-9767-0b60-01797b891d9b" executionId="d740859c-ccb6-451c-ae96-2c4a1188c519" testListId="8c84fa94-04c1-424b-9868-57a2d4851a1d" /><TestEntry testId="c47935ac-9222-67df-abc5-6d282399f18f" executionId="3aafba35-d35f-42e1-b796-c8a0d16225c3" testListId="8c84fa94-04c1-424b-9868-57a2d4851a1d" /><TestEntry testId="19c53c98-203f-99d1-b355-5ab450256a9d" executionId="38faa042-28b6-433e-bde7-b98dddc5c4c7" testListId="8c84fa94-04c1-424b-9868-57a2d4851a1d" /><TestEntry testId="12a2cec0-2274-e9bf-2b43-fd8f8a53a6be" executionId="b9bf7b51-6be0-44d9-8c4a-951b152b86ef" testListId="8c84fa94-04c1-424b-9868-57a2d4851a1d" /><TestEntry testId="c882152d-9f34-275d-322d-6c5d4925c410" executionId="676847cc-3a40-4622-b46a-0fa6ed4f10a1" testListId="8c84fa94-04c1-424b-9868-57a2d4851a1d" /><TestEntry testId="40060b39-a134-a36c-d72f-aa5cf265a94f" executionId="73ecf971-94ae-4cc5-aca2-7ffdb4251413" testListId="8c84fa94-04c1-424b-9868-57a2d4851a1d" /><TestEntry testId="c33cec49-fe1a-4de0-ad7b-1b924f30e635" executionId="8bd21ca7-17d0-4dfe-9620-e2c717e33185" testListId="8c84fa94-04c1-424b-9868-57a2d4851a1d" /><TestEntry testId="f093af11-1918-6d10-3a70-ba65fd620269" executionId="35b8066b-8bc6-4e04-aa66-acbd3e594959" testListId="8c84fa94-04c1-424b-9868-57a2d4851a1d" /><TestEntry testId="5fdef9b7-8c02-047a-4958-312c4dbab86a" executionId="8cb0b337-8505-43e3-bd2b-e7cc8c58dd94" testListId="8c84fa94-04c1-424b-9868-57a2d4851a1d" /><TestEntry testId="cd1d6a5b-614c-f6f5-3aa9-1a30a6d5b0d0" executionId="3626795b-dbfc-4046-8408-a3dac3db8184" testListId="8c84fa94-04c1-424b-9868-57a2d4851a1d" /></TestEntries><TestLists><TestList name="Results Not in a List" id="8c84fa94-04c1-424b-9868-57a2d4851a1d" /><TestList name="All Loaded Results" id="19431567-8539-422a-85d7-44ee4e166bda" /></TestLists><ResultSummary outcome="Completed"><Counters total="186" executed="186" passed="186" failed="0" error="0" timeout="0" aborted="0" inconclusive="0" passedButRunAborted="0" notRunnable="0" notExecuted="0" disconnected="0" warning="0" completed="0" inProgress="0" pending="0" /></ResultSummary></TestRun>